--------------------- Starting /home/548/jtl548/.bash_profile ----------------------
This shell is non-interactive
-------------------- Finishing /home/548/jtl548/.bash_profile ----------------------
--------------------- Starting /home/548/jtl548/.bash_profile ----------------------
This shell is non-interactive
-------------------- Finishing /home/548/jtl548/.bash_profile ----------------------
Suite    : u-bn066
Task Job : 20190827T0600Z/glu_ops_process_analysis_ssmis/01 (try 1)
User@Host: jtl548@r245

[INFO] export PATH=/home/548/jtl548/cylc-run/u-bn066/share/fcm_make_um/build-recon/bin:/home/548/jtl548/cylc-run/u-bn066/share/fcm_make_um/build-atmos/bin:/projects/access/apps/rose/2018.06.0/bin:/projects/access/apps/moose-client-wrapper/1.0.4/moo:/home/548/jtl548/cylc-run/u-bn066/bin:/home/548/jtl548/cylc-run/u-bn066/share/fcm_make_ver/build/bin:/home/548/jtl548/cylc-run/u-bn066/share/fcm_make_var-opt/build/bin:/home/548/jtl548/cylc-run/u-bn066/share/fcm_make_var-opt/build-serial/bin:/home/548/jtl548/cylc-run/u-bn066/share/fcm_make_um_utils/utilities/bin:/home/548/jtl548/cylc-run/u-bn066/share/fcm_make_um/build-recon/bin:/home/548/jtl548/cylc-run/u-bn066/share/fcm_make_um/build-atmos/bin:/home/548/jtl548/cylc-run/u-bn066/share/fcm_make_surf/build/bin:/home/548/jtl548/cylc-run/u-bn066/share/fcm_make_ops/build/bin:/projects/access/apps/fcm/2019.05.0/bin:/apps/perl/5.10.1/bin:/projects/access/apps/cylc/wrapper/bin:/apps/python/2.7.3/bin:/g/data3/hh5/public/apps/miniconda3/bin:/g/data3/hh5/public/apps/miniconda3/condabin:/opt/bin:/bin:/usr/bin:/opt/pbs/default/bin:/projects/access/bin:/home/548/jtl548/bin:/home/548/ycx548/share/GEN/bin/scripts
[INFO] Configuration: /home/548/jtl548/cylc-run/u-bn066/app/gl_ops_process_ssmis/
[INFO]     file: rose-app.conf
[INFO]     optional key: (glu-analysis)
[INFO]     optional key: nci
[INFO] export ODB_IO_METHOD=4
[INFO] export OPS_BACKERR=/home/548/jtl548/cylc-run/u-bn066/share/cycle/20190827T0600Z/glu_bgerr
[INFO] export OPS_CREATEODB_OBSOURCE=Obstore
[INFO] export OPS_CX_DIR_LIST=/home/548/jtl548/cylc-run/u-bn066/share/cycle/20190827T0600Z/glu_var_cx
[INFO] export OPS_ELEM_LOCAL_DIR=/home/548/jtl548/cylc-run/u-bn066/share/data/etc/elements/atmos
[INFO] export OPS_METDB_SERVER_INFO=/home/548/jtl548/cylc-run/u-bn066/share/data/etc/metdb_server_user
[INFO] export OPS_METDB_TEMPFILE_DIR=./metdb_tempfile
[INFO] export OPS_OBSOURCE=ODB
[INFO] export OPS_OBSTORE_INPUT_DIR=/home/548/jtl548/cylc-run/u-bn066/share/cycle/20190827T0600Z/glu_obstore_input
[INFO] export OPS_OBSTORE_OUTPUT_DIR=/home/548/jtl548/cylc-run/u-bn066/share/cycle/20190827T0600Z/glu_obstore
[INFO] export OPS_ODB_INPUT_DIR=/home/548/jtl548/cylc-run/u-bn066/share/cycle/20190827T0600Z/glu_odb/ssmis
[INFO] export OPS_OUTPUT_DIR=/home/548/jtl548/cylc-run/u-bn066/share/cycle/20190827T0600Z/glu_ops_outputs
[INFO] export OPS_PRODUCEOBSTORE=false
[INFO] export OPS_PRODUCEODB=true
[INFO] export OPS_PRODUCESTATISTICS=true
[INFO] export OPS_PRODUCEVAROBS=false
[INFO] export OPS_RTTOV7COEFFS_DIR=/home/548/jtl548/cylc-run/u-bn066/share/data/etc/rttov12_coeffs
[INFO] export OPS_RUNTYPE=ANAL
[INFO] export OPS_RUN_CREATE_ODB=false
[INFO] export OPS_SATRADCOEFFS_DIR=/home/548/jtl548/cylc-run/u-bn066/share/data/etc/satrad_coeffs_gl
[INFO] export OPS_SSMIS=true
[INFO] export OPS_STATIONLIST_DIR=/home/548/jtl548/cylc-run/u-bn066/share/data/etc/stationlists/atmos
[INFO] export OPS_UMBACK=/home/548/jtl548/cylc-run/u-bn066/share/cycle/20190827T0600Z/gl_pp_006
[INFO] export OPS_VARBCIN=/home/548/jtl548/cylc-run/u-bn066/share/cycle/20190827T0000Z/gl_varbc
[INFO] export OPS_VAROB_DIR=/home/548/jtl548/cylc-run/u-bn066/share/cycle/20190827T0600Z/glu_varobs
[INFO] create: ops_cx_control
[INFO] create: ops_extract_control
[INFO] source: namelist:generalcontrolnl
[INFO] source: namelist:cxcontrolnl{ssmis}
[INFO] source: namelist:extractcontrolnl{ssmis}(:)
[INFO] source: namelist:fieldscontrolnl
[INFO] install: ops_cx_control/SSMIS.nl
[INFO]     source: namelist:cxcontrolnl{ssmis}
[INFO] install: ops_extract_control/SSMIS.nl
[INFO]     source: namelist:extractcontrolnl{ssmis}(:)
[INFO] install: ops_fields_control.nl
[INFO]     source: namelist:fieldscontrolnl
[INFO] install: ops_general_control.nl
[INFO]     source: namelist:generalcontrolnl
[INFO] command: OpsScr_ExtractAndProcess

\-
Version of OPS: ops-2018.02.0
\-

2019-10-23T11:51:51Z INFO - started

\-
rose-app.conf : ops-extract-and-process/ops-2018.02.0
\-

---------------------------------------------------------
nci-x86_64-ifort: begin
core file size          (blocks, -c) 0
data seg size           (kbytes, -d) unlimited
scheduling priority             (-e) 0
file size               (blocks, -f) unlimited
pending signals                 (-i) 128536
max locked memory       (kbytes, -l) unlimited
max memory size         (kbytes, -m) 31457280
open files                      (-n) 20000
pipe size            (512 bytes, -p) 8
POSIX message queues     (bytes, -q) 819200
real-time priority              (-r) 0
stack size              (kbytes, -s) unlimited
cpu time               (seconds, -t) unlimited
max user processes              (-u) 128536
virtual memory          (kbytes, -v) unlimited
file locks                      (-x) unlimited
nci-x86_64-ifort: end
OPS_AHIASR                     = false
OPS_AHICLR                     = false
OPS_AIRCRAFT                   = false
OPS_AIRS                       = false
OPS_ALTIM                      = false
OPS_AMSR                       = false
OPS_AMSR2                      = false
OPS_AMSUB                      = false
OPS_AOD                        = false
OPS_ATMS                       = false
OPS_ATOVS                      = false
OPS_CRIS                       = false
OPS_COMSCLR                    = false
OPS_FY3B                       = false
OPS_GMIHIGH                    = false
OPS_GMILOW                     = false
OPS_GEOCLOUD                   = false
OPS_GOESCLR                    = false
OPS_GPSRO                      = false
OPS_GROUNDGPS                  = false
OPS_HLOSWIND                   = false
OPS_IASI                       = false
OPS_IN3DI                      = false
OPS_IN3DS                      = false
OPS_MTSATCLR                   = false
OPS_MTSAPHIR                   = false
OPS_MVIRICLR                   = false
OPS_MWRI                       = false
OPS_MWSFY3C                    = false
OPS_OCEANSOUND                 = false
OPS_PRECIP                     = false
OPS_RADREFL                    = false
OPS_RADREFRAC                  = false
OPS_RADWIND                    = false
OPS_SATSST                     = false
OPS_SATTCWV                    = false
OPS_SATWIND                    = false
OPS_SBUV                       = false
OPS_SCATWIND                   = false
OPS_SEAICE                     = false
OPS_SEVIRICLR                  = false
OPS_SEVIRIASR                  = false
OPS_SONDE                      = false
OPS_SSMI                       = false
OPS_SSMIS                      = true
OPS_SURFACE                    = false
OPS_SURFACECLOUD               = false
OPS_TOVS                       = false
OPS_CYCLE_TIME                 = 201908270600Z
GEN_MODE                       = 20
METDB_BASE_DIR                 = /home/548/jtl548/cylc-run/u-bn066/share/fcm_make_ops/build/bin/../etc/ops/src/code/MetDB_Bufr_Retrieval
METDB_ELEMENTS                 = /home/548/jtl548/cylc-run/u-bn066/share/fcm_make_ops/build/bin/../etc/ops/src/code/MetDB_Bufr_Retrieval/tables/elements_index
METDB_MDBLSEQ                  = /home/548/jtl548/cylc-run/u-bn066/share/fcm_make_ops/build/bin/../etc/ops/src/code/MetDB_Bufr_Retrieval/tables/MDBLSEQ
METDB_RTABLE                   = /home/548/jtl548/cylc-run/u-bn066/share/fcm_make_ops/build/bin/../etc/ops/src/code/MetDB_Bufr_Retrieval/tables/retrieval_table
METDB_TABLEB                   = /home/548/jtl548/cylc-run/u-bn066/share/fcm_make_ops/build/bin/../etc/ops/src/code/MetDB_Bufr_Retrieval/tables/bufr_tableb
METDB_TABLEB_FILE              = bufr_tableb
ODBSERVER_BASE                 = /projects/access/apps/odb/linux/odbserver/0.16.2
ODBSERVER_HOME                 = /projects/access/apps/odb/linux/odbserver/0.16.2
ODBSERVER_ROOT                 = /projects/access/apps/odb/linux/odbserver/0.16.2
ODBSERVER_VERSION              = 0.16.2
ODB_AR                         = /usr/bin/ar
ODB_BEBINPATH                  = /projects/access/apps/odb/linux/odbserver/0.16.2/bin
ODB_BINPATH                    = /projects/access/apps/odb/linux/odbserver/0.16.2/bin
ODB_CC                         = /apps/intel-ct/cc-wrapper/icc -fPIC -DINTEL -traceback -I/projects/access/apps/odb/linux/odbserver/0.16.2/include
ODB_COMPILER                   = /projects/access/apps/odb/linux/odbserver/0.16.2/bin/odb98.x -V -O3
ODB_COMPILER_FLAGS             = /projects/access/apps/odb/linux/odbserver/0.16.2/share/odb/odb98.flags
ODB_F90                        = /apps/intel-ct/fc-wrapper/ifort -fPIC -openmp -traceback -fpe0 -names lowercase -I/projects/access/apps/odb/linux/odbserver/0.16.2/include -I/projects/access/apps/odb/linux/odbserver/0.16.2/module -I/projects/access/apps/odb/linux/odbserver/0.16.2/odb/module
ODB_FEBINPATH                  = /projects/access/apps/odb/linux/odbserver/0.16.2/bin
ODB_GUNZIP                     = /bin/gunzip
ODB_GZIP                       = /bin/gzip
ODB_INCLUDE                    = -I/projects/access/apps/odb/linux/odbserver/0.16.2/include
ODB_IOASSIGN_MAXPROC           = 32
ODB_IOASSIGN_PARAMS            = -r 1m -w 1m
ODB_IO_METHOD                  = 4
ODB_LD_SHARED                  = none
ODB_LD_SHARED_SFX              = .so
ODB_LIB                        = -Wl,-rpath,/projects/access/apps/odb/linux/odbserver/0.16.2/lib -L/projects/access/apps/odb/linux/odbserver/0.16.2/lib -lodb -lodbdummy -lodbec -lodbifsaux -lodbmpiserial -lodbemos -ldl
ODB_LIBPATH                    = /projects/access/apps/odb/linux/odbserver/0.16.2/lib
ODB_ROOT                       = /projects/access/apps/odb/linux/odbserver/0.16.2
ODB_RTABLE_PATH                = /projects/access/apps/odb/linux/odbserver/0.16.2/share/odb
ODB_SETUP_SHELL                = /bin/sh
ODB_STATIC_LINKING             = 1
ODB_SYSDBPATH                  = /projects/access/apps/odb/linux/odbserver/0.16.2/share/odb
ODB_SYSPATH                    = /projects/access/apps/odb/linux/odbserver/0.16.2/include
OPS_AHIASR                     = false
OPS_AHICLR                     = false
OPS_AIRCRAFT                   = false
OPS_AIRS                       = false
OPS_ALLOW_CORE_DUMPS           = false
OPS_ALTIM                      = false
OPS_AMSR2                      = false
OPS_AMSR                       = false
OPS_AMSUB                      = false
OPS_AOD                        = false
OPS_ATMS                       = false
OPS_ATOVS                      = false
OPS_BACKERR                    = /home/548/jtl548/cylc-run/u-bn066/share/cycle/20190827T0600Z/glu_bgerr
OPS_COMSCLR                    = false
OPS_COSMOS_PRIORITY            = 0
OPS_COSMOS_QUEUE               = N
OPS_CREATEODB_OBSOURCE         = Obstore
OPS_CREATEODB_PROG             = OpsProg_CreateODB.exe
OPS_CRIS                       = false
OPS_CUTOFF                     = 375
OPS_CX_DIR_LIST                = /home/548/jtl548/cylc-run/u-bn066/share/cycle/20190827T0600Z/glu_var_cx
OPS_CYCLE_TIME                 = 201908270600Z
OPS_DOMAINFROMHEADER           = false
OPS_ELEM_LOCAL_DIR             = /home/548/jtl548/cylc-run/u-bn066/share/data/etc/elements/atmos
OPS_FY3B                       = false
OPS_GEOCLOUD                   = false
OPS_GMIHIGH                    = false
OPS_GMILOW                     = false
OPS_GOESCLR                    = false
OPS_GPSRO                      = false
OPS_GROUNDGPS                  = false
OPS_HDF_INSTALL_DIR            = /apps/hdf5/1.8.13
OPS_HLOSWIND                   = false
OPS_IASI                       = false
OPS_IN3DI                      = false
OPS_IN3DS                      = false
OPS_IOASSIGN                   = /home/548/jtl548/cylc-run/u-bn066/work/20190827T0600Z/glu_ops_process_analysis_ssmis/IOASSIGN
OPS_KILLRPC_PROG               = OpsProg_KillRPC.exe
OPS_LAUNCHER_SERIAL            = exec
OPS_LIB                        = /home/548/jtl548/cylc-run/u-bn066/share/fcm_make_ops/build/bin/../lib/libops.a
OPS_METDB_BUFR_DIR             = /home/548/jtl548/cylc-run/u-bn066/share/fcm_make_ops/build/bin/../etc/ops/src/code/MetDB_Bufr_Retrieval
OPS_METDB_SERVER_INFO          = /home/548/jtl548/cylc-run/u-bn066/share/data/etc/metdb_server_user
OPS_METDB_TEMPFILE_DIR         = ./metdb_tempfile
OPS_MPI_INSTALL_DIR            = /apps/intel-mpi/5.1.3.210
OPS_MTSAPHIR                   = false
OPS_MTSATCLR                   = false
OPS_MVIRICLR                   = false
OPS_MWRI                       = false
OPS_MWSFY3C                    = false
OPS_NETCDF_INSTALL_DIR         = /apps/netcdf/4.3.2
OPS_OBSOURCE                   = ODB
OPS_OBSTORE_INPUT_DIR          = /home/548/jtl548/cylc-run/u-bn066/share/cycle/20190827T0600Z/glu_obstore_input
OPS_OBSTORE_OUTPUT_DIR         = /home/548/jtl548/cylc-run/u-bn066/share/cycle/20190827T0600Z/glu_obstore
OPS_OCEANSOUND                 = false
OPS_ODB_DDL                    = /home/548/jtl548/cylc-run/u-bn066/share/cycle/20190827T0600Z/glu_odb/ssmis/ECMA.ddl
OPS_ODB_INPUT_DIR              = /home/548/jtl548/cylc-run/u-bn066/share/cycle/20190827T0600Z/glu_odb/ssmis
OPS_ODB_INSTALL_DIR            = /projects/access/apps/odb/linux/odbserver/0.16.2
OPS_ODB_MIGRATOR_INSTALL_DIR   = /projects/access/apps/odb/linux/odbserver/0.16.2
OPS_ODB_NAME                   = ECMA
OPS_ODB_QUERY_DIR              = /home/548/jtl548/cylc-run/u-bn066/share/fcm_make_ops/build/bin/../etc/sql
OPS_ODB_QUERY_LIST             = 
OPS_OUTPUT_DIR                 = /g/data1a/dp9/jtl548/cylc-run/u-bn066/share/cycle/20190827T0600Z/glu_ops_outputs
OPS_PRECALC_CUTOFF             = false
OPS_PRECIP                     = false
OPS_PRODUCEACOBS               = false
OPS_PRODUCEASSOCDATA           = false
OPS_PRODUCELISTING             = false
OPS_PRODUCEMODELOBS            = false
OPS_PRODUCEOBSTORE             = false
OPS_PRODUCEODB                 = true
OPS_PRODUCERTM                 = false
OPS_PRODUCESTATISTICS          = true
OPS_PRODUCEVAROBS              = false
OPS_PROG                       = OpsProg_ExtractAndProcess.exe
OPS_RADREFL                    = false
OPS_RADREFRAC                  = false
OPS_RADWIND                    = false
OPS_RETAIN_ALIASES             = false
OPS_RETAIN_MODULES             = true
OPS_RETRIEVALONLY              = false
OPS_RTTOV11_INSTALL_DIR        = /projects/access/apps/rttov/11.3b_ifort1501
OPS_RTTOV12_INSTALL_DIR        = /projects/access/apps/rttov/12.1_ifort1501
OPS_RTTOV7COEFFS_DIR           = /home/548/jtl548/cylc-run/u-bn066/share/data/etc/rttov12_coeffs
OPS_RUNTYPE                    = ANAL
OPS_RUN_CREATE_ODB             = false
OPS_SATRADCOEFFS_DIR           = /home/548/jtl548/cylc-run/u-bn066/share/data/etc/satrad_coeffs_gl
OPS_SATSST                     = false
OPS_SATTCWV                    = false
OPS_SATWIND                    = false
OPS_SBUV                       = false
OPS_SCATWIND                   = false
OPS_SEAICE                     = false
OPS_SEVIRIASR                  = false
OPS_SEVIRICLR                  = false
OPS_SONDE                      = false
OPS_SSMI                       = false
OPS_SSMIS                      = true
OPS_STATIONLIST_DIR            = /home/548/jtl548/cylc-run/u-bn066/share/data/etc/stationlists/atmos
OPS_SURFACE                    = false
OPS_SURFACECLOUD               = false
OPS_TOVS                       = false
OPS_UMBACK                     = /home/548/jtl548/cylc-run/u-bn066/share/cycle/20190827T0600Z/gl_pp_006
OPS_USE_SHUMLIB_COEX           = false
OPS_VARBCIN                    = /home/548/jtl548/cylc-run/u-bn066/share/cycle/20190827T0000Z/gl_varbc
OPS_VAROB_DIR                  = /home/548/jtl548/cylc-run/u-bn066/share/cycle/20190827T0600Z/glu_varobs
OPS_VAROB_OUTPUT_DIR           = /home/548/jtl548/cylc-run/u-bn066/share/cycle/20190827T0600Z/glu_varobs

\-
Running /projects/access/nwpdir/share/APS3/OPS/ops-2018.02.2/build/bin/OpsProg_ExtractAndProcess.exe on 128 PEs, mode 20
\-

[INFO] exec /apps/intel-mpi/5.1.3.210/intel64/bin/mpirun -n 128 /home/548/jtl548/cylc-run/u-bn066/share/fcm_make_ops/build/bin/OpsProg_ExtractAndProcess.exe
Ops_Timer: 2019-10-23T11:52:03Z time=0.00 total=0.00 call=0 OpsProg_ExtractAndProcess
Ops_Timer: 2019-10-23T11:52:03Z time=0.00 total=0.00 call=0 OpsProg_ExtractAndProcess
Ops_Timer: 2019-10-23T11:52:03Z time=0.00 total=0.00 call=0 OpsProg_ExtractAndProcess
Ops_Timer: 2019-10-23T11:52:03Z time=0.00 total=0.00 call=0 OpsProg_ExtractAndProcess
Ops_Timer: 2019-10-23T11:52:03Z time=0.00 total=0.00 call=0 OpsProg_ExtractAndProcess
Ops_Timer: 2019-10-23T11:52:03Z time=0.00 total=0.00 call=0 OpsProg_ExtractAndProcess
Ops_Timer: 2019-10-23T11:52:03Z time=0.00 total=0.00 call=0 OpsProg_ExtractAndProcess
Ops_Timer: 2019-10-23T11:52:03Z time=0.00 total=0.00 call=0 OpsProg_ExtractAndProcess
Ops_Timer: 2019-10-23T11:52:03Z time=0.00 total=0.00 call=0 OpsProg_ExtractAndProcess
Ops_Timer: 2019-10-23T11:52:03Z time=0.00 total=0.00 call=0 OpsProg_ExtractAndProcess
Ops_Timer: 2019-10-23T11:52:03Z time=0.00 total=0.00 call=0 OpsProg_ExtractAndProcess
Ops_Timer: 2019-10-23T11:52:03Z time=0.00 total=0.00 call=0 OpsProg_ExtractAndProcess
Ops_Timer: 2019-10-23T11:52:03Z time=0.00 total=0.00 call=0 OpsProg_ExtractAndProcess
Ops_Timer: 2019-10-23T11:52:03Z time=0.00 total=0.00 call=0 OpsProg_ExtractAndProcess
Ops_Timer: 2019-10-23T11:52:03Z time=0.00 total=0.00 call=0 OpsProg_ExtractAndProcess
Ops_Timer: 2019-10-23T11:52:03Z time=0.00 total=0.00 call=0 OpsProg_ExtractAndProcess
Ops_Timer: 2019-10-23T11:52:03Z time=0.00 total=0.00 call=0 OpsProg_ExtractAndProcess
Ops_Timer: 2019-10-23T11:52:03Z time=0.00 total=0.00 call=0 OpsProg_ExtractAndProcess
Ops_Timer: 2019-10-23T11:52:03Z time=0.00 total=0.00 call=0 OpsProg_ExtractAndProcess
Ops_Timer: 2019-10-23T11:52:03Z time=0.00 total=0.00 call=0 OpsProg_ExtractAndProcess
Ops_Timer: 2019-10-23T11:52:03Z time=0.00 total=0.00 call=0 OpsProg_ExtractAndProcess
Ops_Timer: 2019-10-23T11:52:03Z time=0.00 total=0.00 call=0 OpsProg_ExtractAndProcess
Ops_Timer: 2019-10-23T11:52:03Z time=0.00 total=0.00 call=0 OpsProg_ExtractAndProcess
Ops_Timer: 2019-10-23T11:52:03Z time=0.00 total=0.00 call=0 OpsProg_ExtractAndProcess
Ops_Timer: 2019-10-23T11:52:03Z time=0.00 total=0.00 call=0 OpsProg_ExtractAndProcess
Ops_Timer: 2019-10-23T11:52:03Z time=0.00 total=0.00 call=0 OpsProg_ExtractAndProcess
Ops_Timer: 2019-10-23T11:52:03Z time=0.00 total=0.00 call=0 OpsProg_ExtractAndProcess
Ops_Timer: 2019-10-23T11:52:03Z time=0.00 total=0.00 call=0 OpsProg_ExtractAndProcess
Ops_Timer: 2019-10-23T11:52:03Z time=0.00 total=0.00 call=0 OpsProg_ExtractAndProcess
Ops_Timer: 2019-10-23T11:52:03Z time=0.00 total=0.00 call=0 OpsProg_ExtractAndProcess
Ops_Timer: 2019-10-23T11:52:03Z time=0.00 total=0.00 call=0 OpsProg_ExtractAndProcess
Ops_Timer: 2019-10-23T11:52:03Z time=0.00 total=0.00 call=0 OpsProg_ExtractAndProcess
Ops_Timer: 2019-10-23T11:52:03Z time=0.00 total=0.00 call=0 OpsProg_ExtractAndProcess
Ops_Timer: 2019-10-23T11:52:03Z time=0.00 total=0.00 call=0 OpsProg_ExtractAndProcess
Ops_Timer: 2019-10-23T11:52:03Z time=0.00 total=0.00 call=0 OpsProg_ExtractAndProcess
Ops_Timer: 2019-10-23T11:52:03Z time=0.00 total=0.00 call=0 OpsProg_ExtractAndProcess
Ops_Timer: 2019-10-23T11:52:03Z time=0.00 total=0.00 call=0 OpsProg_ExtractAndProcess
Ops_Timer: 2019-10-23T11:52:03Z time=0.00 total=0.00 call=0 OpsProg_ExtractAndProcess
Ops_Timer: 2019-10-23T11:52:03Z time=0.00 total=0.00 call=0 OpsProg_ExtractAndProcess
Ops_Timer: 2019-10-23T11:52:03Z time=0.00 total=0.00 call=0 OpsProg_ExtractAndProcess
Ops_Timer: 2019-10-23T11:52:03Z time=0.00 total=0.00 call=0 OpsProg_ExtractAndProcess
Ops_Timer: 2019-10-23T11:52:03Z time=0.00 total=0.00 call=0 OpsProg_ExtractAndProcess
Ops_Timer: 2019-10-23T11:52:03Z time=0.00 total=0.00 call=0 OpsProg_ExtractAndProcess
Ops_Timer: 2019-10-23T11:52:03Z time=0.00 total=0.00 call=0 OpsProg_ExtractAndProcess
Ops_Timer: 2019-10-23T11:52:03Z time=0.00 total=0.00 call=0 OpsProg_ExtractAndProcess
Ops_Timer: 2019-10-23T11:52:03Z time=0.00 total=0.00 call=0 OpsProg_ExtractAndProcess
Ops_Timer: 2019-10-23T11:52:03Z time=0.00 total=0.00 call=0 OpsProg_ExtractAndProcess
Ops_Timer: 2019-10-23T11:52:03Z time=0.00 total=0.00 call=0 OpsProg_ExtractAndProcess
Ops_Timer: 2019-10-23T11:52:03Z time=0.00 total=0.00 call=0 OpsProg_ExtractAndProcess
Ops_Timer: 2019-10-23T11:52:03Z time=0.00 total=0.00 call=0 OpsProg_ExtractAndProcess
Ops_Timer: 2019-10-23T11:52:03Z time=0.00 total=0.00 call=0 OpsProg_ExtractAndProcess
Ops_Timer: 2019-10-23T11:52:03Z time=0.00 total=0.00 call=0 OpsProg_ExtractAndProcess
Ops_Timer: 2019-10-23T11:52:03Z time=0.00 total=0.00 call=0 OpsProg_ExtractAndProcess
Ops_Timer: 2019-10-23T11:52:03Z time=0.00 total=0.00 call=0 OpsProg_ExtractAndProcess
Ops_Timer: 2019-10-23T11:52:03Z time=0.00 total=0.00 call=0 OpsProg_ExtractAndProcess
Ops_Timer: 2019-10-23T11:52:03Z time=0.00 total=0.00 call=0 OpsProg_ExtractAndProcess
Ops_Timer: 2019-10-23T11:52:03Z time=0.00 total=0.00 call=0 OpsProg_ExtractAndProcess
Ops_Timer: 2019-10-23T11:52:03Z time=0.00 total=0.00 call=0 OpsProg_ExtractAndProcess
Ops_Timer: 2019-10-23T11:52:03Z time=0.00 total=0.00 call=0 OpsProg_ExtractAndProcess
Ops_Timer: 2019-10-23T11:52:03Z time=0.00 total=0.00 call=0 OpsProg_ExtractAndProcess
Ops_Timer: 2019-10-23T11:52:03Z time=0.00 total=0.00 call=0 OpsProg_ExtractAndProcess
Ops_Timer: 2019-10-23T11:52:03Z time=0.00 total=0.00 call=0 OpsProg_ExtractAndProcess
Ops_Timer: 2019-10-23T11:52:03Z time=0.00 total=0.00 call=0 OpsProg_ExtractAndProcess
Ops_Timer: 2019-10-23T11:52:03Z time=0.00 total=0.00 call=0 OpsProg_ExtractAndProcess
Ops_Timer: 2019-10-23T11:52:03Z time=0.00 total=0.00 call=0 OpsProg_ExtractAndProcess
Ops_Timer: 2019-10-23T11:52:03Z time=0.00 total=0.00 call=0 OpsProg_ExtractAndProcess
Ops_Timer: 2019-10-23T11:52:03Z time=0.00 total=0.00 call=0 OpsProg_ExtractAndProcess
Ops_Timer: 2019-10-23T11:52:03Z time=0.00 total=0.00 call=0 OpsProg_ExtractAndProcess
Ops_Timer: 2019-10-23T11:52:03Z time=0.00 total=0.00 call=0 OpsProg_ExtractAndProcess
Ops_Timer: 2019-10-23T11:52:03Z time=0.00 total=0.00 call=0 OpsProg_ExtractAndProcess
Ops_Timer: 2019-10-23T11:52:03Z time=0.00 total=0.00 call=0 OpsProg_ExtractAndProcess
Ops_Timer: 2019-10-23T11:52:03Z time=0.00 total=0.00 call=0 OpsProg_ExtractAndProcess
Ops_Timer: 2019-10-23T11:52:03Z time=0.00 total=0.00 call=0 OpsProg_ExtractAndProcess
Ops_Timer: 2019-10-23T11:52:03Z time=0.00 total=0.00 call=0 OpsProg_ExtractAndProcess
Ops_Timer: 2019-10-23T11:52:03Z time=0.00 total=0.00 call=0 OpsProg_ExtractAndProcess
Ops_Timer: 2019-10-23T11:52:03Z time=0.00 total=0.00 call=0 OpsProg_ExtractAndProcess
Ops_Timer: 2019-10-23T11:52:03Z time=0.00 total=0.00 call=0 OpsProg_ExtractAndProcess
Ops_Timer: 2019-10-23T11:52:03Z time=0.00 total=0.00 call=0 OpsProg_ExtractAndProcess
Ops_Timer: 2019-10-23T11:52:03Z time=0.00 total=0.00 call=0 OpsProg_ExtractAndProcess
Ops_Timer: 2019-10-23T11:52:03Z time=0.00 total=0.00 call=0 OpsProg_ExtractAndProcess
Ops_Timer: 2019-10-23T11:52:03Z time=0.00 total=0.00 call=0 OpsProg_ExtractAndProcess
Ops_Timer: 2019-10-23T11:52:03Z time=0.00 total=0.00 call=0 OpsProg_ExtractAndProcess
Ops_Timer: 2019-10-23T11:52:03Z time=0.00 total=0.00 call=0 OpsProg_ExtractAndProcess
Ops_Timer: 2019-10-23T11:52:03Z time=0.00 total=0.00 call=0 OpsProg_ExtractAndProcess
Ops_Timer: 2019-10-23T11:52:03Z time=0.00 total=0.00 call=0 OpsProg_ExtractAndProcess
Ops_Timer: 2019-10-23T11:52:03Z time=0.00 total=0.00 call=0 OpsProg_ExtractAndProcess
Ops_Timer: 2019-10-23T11:52:03Z time=0.00 total=0.00 call=0 OpsProg_ExtractAndProcess
Ops_Timer: 2019-10-23T11:52:03Z time=0.00 total=0.00 call=0 OpsProg_ExtractAndProcess
Ops_Timer: 2019-10-23T11:52:03Z time=0.00 total=0.00 call=0 OpsProg_ExtractAndProcess
Ops_Timer: 2019-10-23T11:52:03Z time=0.00 total=0.00 call=0 OpsProg_ExtractAndProcess
Ops_Timer: 2019-10-23T11:52:03Z time=0.00 total=0.00 call=0 OpsProg_ExtractAndProcess
Ops_Timer: 2019-10-23T11:52:03Z time=0.00 total=0.00 call=0 OpsProg_ExtractAndProcess
Ops_Timer: 2019-10-23T11:52:03Z time=0.00 total=0.00 call=0 OpsProg_ExtractAndProcess
Ops_Timer: 2019-10-23T11:52:03Z time=0.00 total=0.00 call=0 OpsProg_ExtractAndProcess
Ops_Timer: 2019-10-23T11:52:03Z time=0.00 total=0.00 call=0 OpsProg_ExtractAndProcess
Ops_Timer: 2019-10-23T11:52:03Z time=0.00 total=0.00 call=0 OpsProg_ExtractAndProcess
Ops_Timer: 2019-10-23T11:52:03Z time=0.00 total=0.00 call=0 OpsProg_ExtractAndProcess
Ops_Timer: 2019-10-23T11:52:03Z time=0.00 total=0.00 call=0 OpsProg_ExtractAndProcess
Ops_Timer: 2019-10-23T11:52:03Z time=0.00 total=0.00 call=0 OpsProg_ExtractAndProcess
Ops_Timer: 2019-10-23T11:52:03Z time=0.00 total=0.00 call=0 OpsProg_ExtractAndProcess
Ops_Timer: 2019-10-23T11:52:03Z time=0.00 total=0.00 call=0 OpsProg_ExtractAndProcess
Ops_Timer: 2019-10-23T11:52:03Z time=0.00 total=0.00 call=0 OpsProg_ExtractAndProcess
Ops_Timer: 2019-10-23T11:52:03Z time=0.00 total=0.00 call=0 OpsProg_ExtractAndProcess
Ops_Timer: 2019-10-23T11:52:03Z time=0.00 total=0.00 call=0 OpsProg_ExtractAndProcess
Ops_Timer: 2019-10-23T11:52:03Z time=0.00 total=0.00 call=0 OpsProg_ExtractAndProcess
Ops_Timer: 2019-10-23T11:52:03Z time=0.00 total=0.00 call=0 OpsProg_ExtractAndProcess
Ops_Timer: 2019-10-23T11:52:03Z time=0.00 total=0.00 call=0 OpsProg_ExtractAndProcess
Ops_Timer: 2019-10-23T11:52:03Z time=0.00 total=0.00 call=0 OpsProg_ExtractAndProcess
Ops_Timer: 2019-10-23T11:52:03Z time=0.00 total=0.00 call=0 OpsProg_ExtractAndProcess
Ops_Timer: 2019-10-23T11:52:03Z time=0.00 total=0.00 call=0 OpsProg_ExtractAndProcess
Ops_Timer: 2019-10-23T11:52:03Z time=0.00 total=0.00 call=0 OpsProg_ExtractAndProcess
Ops_Timer: 2019-10-23T11:52:03Z time=0.00 total=0.00 call=0 OpsProg_ExtractAndProcess
Ops_Timer: 2019-10-23T11:52:03Z time=0.00 total=0.00 call=0 OpsProg_ExtractAndProcess
Ops_Timer: 2019-10-23T11:52:03Z time=0.00 total=0.00 call=0 OpsProg_ExtractAndProcess
Ops_Timer: 2019-10-23T11:52:03Z time=0.00 total=0.00 call=0 OpsProg_ExtractAndProcess
Ops_Timer: 2019-10-23T11:52:03Z time=0.00 total=0.00 call=0 OpsProg_ExtractAndProcess
Ops_Timer: 2019-10-23T11:52:03Z time=0.00 total=0.00 call=0 OpsProg_ExtractAndProcess
Ops_Timer: 2019-10-23T11:52:03Z time=0.00 total=0.00 call=0 OpsProg_ExtractAndProcess
Ops_Timer: 2019-10-23T11:52:03Z time=0.00 total=0.00 call=0 OpsProg_ExtractAndProcess
Ops_Timer: 2019-10-23T11:52:03Z time=0.00 total=0.00 call=0 OpsProg_ExtractAndProcess
Ops_Timer: 2019-10-23T11:52:03Z time=0.00 total=0.00 call=0 OpsProg_ExtractAndProcess
Ops_Timer: 2019-10-23T11:52:03Z time=0.00 total=0.00 call=0 OpsProg_ExtractAndProcess
Ops_Timer: 2019-10-23T11:52:03Z time=0.00 total=0.00 call=0 OpsProg_ExtractAndProcess
Ops_Timer: 2019-10-23T11:52:03Z time=0.00 total=0.00 call=0 OpsProg_ExtractAndProcess
Ops_Timer: 2019-10-23T11:52:03Z time=0.00 total=0.00 call=0 OpsProg_ExtractAndProcess
Ops_Timer: 2019-10-23T11:52:03Z time=0.00 total=0.00 call=0 OpsProg_ExtractAndProcess
Ops_Timer: 2019-10-23T11:52:03Z time=0.00 total=0.00 call=0 OpsProg_ExtractAndProcess
Ops_Timer: 2019-10-23T11:52:03Z time=0.00 total=0.00 call=0 OpsProg_ExtractAndProcess
 
 =====================================================
 GCOM Version 6.4
 MPP
 Using precision : 64bit INTEGERs and 64bit REALs
 Built at 469
 =====================================================
 
128 Processors initialised.
=========================================
OpsProg_ExtractAndProcess : Execution starts
at 11:52:05 on 23/10/2019
=========================================
<a href="http://www-nwp/~opsrc/OPS/view/dev/doc/ops_get_env_character.html">ops_get_env_character</a>
<span style="color: maroon">WARNING</span>
Environment variable OPS_RUNID hasn't been set
Using default value: XX99
<a href="http://www-nwp/~opsrc/OPS/view/dev/doc/Ops_ReadCycleTime.html">Ops_ReadCycleTime</a>
OPS_YEAR     = 2019
OPS_MONTH    =    8
OPS_DAY      =   27
OPS_HOUR     =    6
OPS_RUNID    = XX99
<a href="http://www-nwp/~opsrc/OPS/view/dev/doc/Ops_GetCutoff.html">Ops_GetCutoff</a>
Cutoff time = 375 minutes after T+0
No more sub types on namelist
 Call ODB_open with dbname, npools = ECMA -32768 open_mode = OLD
 Call ODB_open with dbname, npools = ECMA -32768 open_mode = OLD
 Call ODB_open with dbname, npools = ECMA -32768 open_mode = OLD
 Call ODB_open with dbname, npools = ECMA -32768 open_mode = OLD
 Call ODB_open with dbname, npools = ECMA -32768 open_mode = OLD
 Call ODB_open with dbname, npools = ECMA -32768 open_mode = OLD
 Call ODB_open with dbname, npools = ECMA -32768 open_mode = OLD
 Call ODB_open with dbname, npools = ECMA -32768 open_mode = OLD
 Call ODB_open with dbname, npools = ECMA -32768 open_mode = OLD
 Call ODB_open with dbname, npools = ECMA -32768 open_mode = OLD
 Call ODB_open with dbname, npools = ECMA -32768 open_mode = OLD
 Call ODB_open with dbname, npools = ECMA -32768 open_mode = OLD
 Call ODB_open with dbname, npools = ECMA -32768 open_mode = OLD
 Call ODB_open with dbname, npools = ECMA -32768 open_mode = OLD
 Call ODB_open with dbname, npools = ECMA -32768 open_mode = OLD
 Call ODB_open with dbname, npools = ECMA -32768 open_mode = OLD
 Call ODB_open with dbname, npools = ECMA -32768 open_mode = OLD
 Call ODB_open with dbname, npools = ECMA -32768 open_mode = OLD
 Call ODB_open with dbname, npools = ECMA -32768 open_mode = OLD
 Call ODB_open with dbname, npools = ECMA -32768 open_mode = OLD
 Call ODB_open with dbname, npools = ECMA -32768 open_mode = OLD
 Call ODB_open with dbname, npools = ECMA -32768 open_mode = OLD
 Call ODB_open with dbname, npools = ECMA -32768 open_mode = OLD
 Call ODB_open with dbname, npools = ECMA -32768 open_mode = OLD
 Call ODB_open with dbname, npools = ECMA -32768 open_mode = OLD
 Call ODB_open with dbname, npools = ECMA -32768 open_mode = OLD
 Call ODB_open with dbname, npools = ECMA -32768 open_mode = OLD
 Call ODB_open with dbname, npools = ECMA -32768 open_mode = OLD
 Call ODB_open with dbname, npools = ECMA -32768 open_mode = OLD
 Call ODB_open with dbname, npools = ECMA -32768 open_mode = OLD
 Call ODB_open with dbname, npools = ECMA -32768 open_mode = OLD
 Call ODB_open with dbname, npools = ECMA -32768 open_mode = OLD
 Call ODB_open with dbname, npools = ECMA -32768 open_mode = OLD
 Call ODB_open with dbname, npools = ECMA -32768 open_mode = OLD
 Call ODB_open with dbname, npools = ECMA -32768 open_mode = OLD
 Call ODB_open with dbname, npools = ECMA -32768 open_mode = OLD
 Call ODB_open with dbname, npools = ECMA -32768 open_mode = OLD
 Call ODB_open with dbname, npools = ECMA -32768 open_mode = OLD
 Call ODB_open with dbname, npools = ECMA -32768 open_mode = OLD
 Call ODB_open with dbname, npools = ECMA -32768 open_mode = OLD
 Call ODB_open with dbname, npools = ECMA -32768 open_mode = OLD
 Call ODB_open with dbname, npools = ECMA -32768 open_mode = OLD
 Call ODB_open with dbname, npools = ECMA -32768 open_mode = OLD
 Call ODB_open with dbname, npools = ECMA -32768 open_mode = OLD
 Call ODB_open with dbname, npools = ECMA -32768 open_mode = OLD
 Call ODB_open with dbname, npools = ECMA -32768 open_mode = OLD
 Call ODB_open with dbname, npools = ECMA -32768 open_mode = OLD
 Call ODB_open with dbname, npools = ECMA -32768 open_mode = OLD
 Call ODB_open with dbname, npools = ECMA -32768 open_mode = OLD
 Call ODB_open with dbname, npools = ECMA -32768 open_mode = OLD
 Call ODB_open with dbname, npools = ECMA -32768 open_mode = OLD
 Call ODB_open with dbname, npools = ECMA -32768 open_mode = OLD
 Call ODB_open with dbname, npools = ECMA -32768 open_mode = OLD
 Call ODB_open with dbname, npools = ECMA -32768 open_mode = OLD
 Call ODB_open with dbname, npools = ECMA -32768 open_mode = OLD
 Call ODB_open with dbname, npools = ECMA -32768 open_mode = OLD
 Call ODB_open with dbname, npools = ECMA -32768 open_mode = OLD
 Call ODB_open with dbname, npools = ECMA -32768 open_mode = OLD
 Call ODB_open with dbname, npools = ECMA -32768 open_mode = OLD
 Call ODB_open with dbname, npools = ECMA -32768 open_mode = OLD
 Call ODB_open with dbname, npools = ECMA -32768 open_mode = OLD
 Call ODB_open with dbname, npools = ECMA -32768 open_mode = OLD
 Call ODB_open with dbname, npools = ECMA -32768 open_mode = OLD
 Call ODB_open with dbname, npools = ECMA -32768 open_mode = OLD
 Call ODB_open with dbname, npools = ECMA -32768 open_mode = OLD
 Call ODB_open with dbname, npools = ECMA -32768 open_mode = OLD
 Call ODB_open with dbname, npools = ECMA -32768 open_mode = OLD
 Call ODB_open with dbname, npools = ECMA -32768 open_mode = OLD
 Call ODB_open with dbname, npools = ECMA -32768 open_mode = OLD
 Call ODB_open with dbname, npools = ECMA -32768 open_mode = OLD
 Call ODB_open with dbname, npools = ECMA -32768 open_mode = OLD
 Call ODB_open with dbname, npools = ECMA -32768 open_mode = OLD
 Call ODB_open with dbname, npools = ECMA -32768 open_mode = OLD
 Call ODB_open with dbname, npools = ECMA -32768 open_mode = OLD
 Call ODB_open with dbname, npools = ECMA -32768 open_mode = OLD
 Call ODB_open with dbname, npools = ECMA -32768 open_mode = OLD
 Call ODB_open with dbname, npools = ECMA -32768 open_mode = OLD
 Call ODB_open with dbname, npools = ECMA -32768 open_mode = OLD
 Call ODB_open with dbname, npools = ECMA -32768 open_mode = OLD
 Call ODB_open with dbname, npools = ECMA -32768 open_mode = OLD
 Call ODB_open with dbname, npools = ECMA -32768 open_mode = OLD
 Call ODB_open with dbname, npools = ECMA -32768 open_mode = OLD
 Call ODB_open with dbname, npools = ECMA -32768 open_mode = OLD
 Call ODB_open with dbname, npools = ECMA -32768 open_mode = OLD
 Call ODB_open with dbname, npools = ECMA -32768 open_mode = OLD
 Call ODB_open with dbname, npools = ECMA -32768 open_mode = OLD
 Call ODB_open with dbname, npools = ECMA -32768 open_mode = OLD
 Call ODB_open with dbname, npools = ECMA -32768 open_mode = OLD
 Call ODB_open with dbname, npools = ECMA -32768 open_mode = OLD
 Call ODB_open with dbname, npools = ECMA -32768 open_mode = OLD
 Call ODB_open with dbname, npools = ECMA -32768 open_mode = OLD
 Call ODB_open with dbname, npools = ECMA -32768 open_mode = OLD
 Call ODB_open with dbname, npools = ECMA -32768 open_mode = OLD
 Call ODB_open with dbname, npools = ECMA -32768 open_mode = OLD
 Call ODB_open with dbname, npools = ECMA -32768 open_mode = OLD
 Call ODB_open with dbname, npools = ECMA -32768 open_mode = OLD
 Call ODB_open with dbname, npools = ECMA -32768 open_mode = OLD
 Call ODB_open with dbname, npools = ECMA -32768 open_mode = OLD
 Call ODB_open with dbname, npools = ECMA -32768 open_mode = OLD
 Call ODB_open with dbname, npools = ECMA -32768 open_mode = OLD
 Call ODB_open with dbname, npools = ECMA -32768 open_mode = OLD
 Call ODB_open with dbname, npools = ECMA -32768 open_mode = OLD
 Call ODB_open with dbname, npools = ECMA -32768 open_mode = OLD
 Call ODB_open with dbname, npools = ECMA -32768 open_mode = OLD
 Call ODB_open with dbname, npools = ECMA -32768 open_mode = OLD
 Call ODB_open with dbname, npools = ECMA -32768 open_mode = OLD
 Call ODB_open with dbname, npools = ECMA -32768 open_mode = OLD
 Call ODB_open with dbname, npools = ECMA -32768 open_mode = OLD
 Call ODB_open with dbname, npools = ECMA -32768 open_mode = OLD
 Call ODB_open with dbname, npools = ECMA -32768 open_mode = OLD
 Call ODB_open with dbname, npools = ECMA -32768 open_mode = OLD
 Call ODB_open with dbname, npools = ECMA -32768 open_mode = OLD
 Call ODB_open with dbname, npools = ECMA -32768 open_mode = OLD
 Call ODB_open with dbname, npools = ECMA -32768 open_mode = OLD
 Call ODB_open with dbname, npools = ECMA -32768 open_mode = OLD
 Call ODB_open with dbname, npools = ECMA -32768 open_mode = OLD
 Call ODB_open with dbname, npools = ECMA -32768 open_mode = OLD
 Call ODB_open with dbname, npools = ECMA -32768 open_mode = OLD
 Call ODB_open with dbname, npools = ECMA -32768 open_mode = OLD
 Call ODB_open with dbname, npools = ECMA -32768 open_mode = OLD
 Call ODB_open with dbname, npools = ECMA -32768 open_mode = OLD
 Call ODB_open with dbname, npools = ECMA -32768 open_mode = OLD
 Call ODB_open with dbname, npools = ECMA -32768 open_mode = OLD
 Call ODB_open with dbname, npools = ECMA -32768 open_mode = OLD
 Call ODB_open with dbname, npools = ECMA -32768 open_mode = OLD
 Call ODB_open with dbname, npools = ECMA -32768 open_mode = OLD
 Call ODB_open with dbname, npools = ECMA -32768 open_mode = OLD
 Call ODB_open with dbname, npools = ECMA -32768 open_mode = OLD
<a href="http://www-nwp/~opsrc/OPS/view/dev/doc/Ops_ODBExtraction.html">Ops_ODBExtraction</a>
On PE 0 size of data batch for query is 10496
On PE 1 size of data batch for query is 10496
On PE 2 size of data batch for query is 10496
On PE 3 size of data batch for query is 10496
On PE 4 size of data batch for query is 10496
On PE 5 size of data batch for query is 10496
On PE 6 size of data batch for query is 10496
On PE 7 size of data batch for query is 10496
On PE 8 size of data batch for query is 10496
On PE 9 size of data batch for query is 10496
On PE 10 size of data batch for query is 10496
On PE 11 size of data batch for query is 10496
On PE 12 size of data batch for query is 10496
On PE 13 size of data batch for query is 10496
On PE 14 size of data batch for query is 10496
On PE 15 size of data batch for query is 10496
On PE 16 size of data batch for query is 10496
On PE 17 size of data batch for query is 10496
On PE 18 size of data batch for query is 10496
On PE 19 size of data batch for query is 10496
On PE 20 size of data batch for query is 10496
On PE 21 size of data batch for query is 10496
On PE 22 size of data batch for query is 10496
On PE 23 size of data batch for query is 10496
On PE 24 size of data batch for query is 10496
On PE 25 size of data batch for query is 10496
On PE 26 size of data batch for query is 10496
On PE 27 size of data batch for query is 10496
On PE 28 size of data batch for query is 10496
On PE 29 size of data batch for query is 10496
On PE 30 size of data batch for query is 10496
On PE 31 size of data batch for query is 10496
On PE 32 size of data batch for query is 10496
On PE 33 size of data batch for query is 10496
On PE 34 size of data batch for query is 10496
On PE 35 size of data batch for query is 10496
On PE 36 size of data batch for query is 10496
On PE 37 size of data batch for query is 10496
On PE 38 size of data batch for query is 10496
On PE 39 size of data batch for query is 10496
On PE 40 size of data batch for query is 10496
On PE 41 size of data batch for query is 10496
On PE 42 size of data batch for query is 10496
On PE 43 size of data batch for query is 10496
On PE 44 size of data batch for query is 10496
On PE 45 size of data batch for query is 10496
On PE 46 size of data batch for query is 10496
On PE 47 size of data batch for query is 10496
On PE 48 size of data batch for query is 10496
On PE 49 size of data batch for query is 10496
On PE 50 size of data batch for query is 10496
On PE 51 size of data batch for query is 10496
On PE 52 size of data batch for query is 10496
On PE 53 size of data batch for query is 10496
On PE 54 size of data batch for query is 10496
On PE 55 size of data batch for query is 10496
On PE 56 size of data batch for query is 10496
On PE 57 size of data batch for query is 10496
On PE 58 size of data batch for query is 10496
On PE 59 size of data batch for query is 10496
On PE 60 size of data batch for query is 10496
On PE 61 size of data batch for query is 10496
On PE 62 size of data batch for query is 10496
On PE 63 size of data batch for query is 10496
On PE 64 size of data batch for query is 10496
On PE 65 size of data batch for query is 10496
On PE 66 size of data batch for query is 10496
On PE 67 size of data batch for query is 10496
On PE 68 size of data batch for query is 10496
On PE 69 size of data batch for query is 10496
On PE 70 size of data batch for query is 10496
On PE 71 size of data batch for query is 10496
On PE 72 size of data batch for query is 10496
On PE 73 size of data batch for query is 10496
On PE 74 size of data batch for query is 10496
On PE 75 size of data batch for query is 10496
On PE 76 size of data batch for query is 10496
On PE 77 size of data batch for query is 10496
On PE 78 size of data batch for query is 10496
On PE 79 size of data batch for query is 10336
On PE 80 size of data batch for query is 10240
On PE 81 size of data batch for query is 10240
On PE 82 size of data batch for query is 10240
On PE 83 size of data batch for query is 10240
On PE 84 size of data batch for query is 10240
On PE 85 size of data batch for query is 10240
On PE 86 size of data batch for query is 10240
On PE 87 size of data batch for query is 10240
On PE 88 size of data batch for query is 10240
On PE 89 size of data batch for query is 10240
On PE 90 size of data batch for query is 10240
On PE 91 size of data batch for query is 10240
On PE 92 size of data batch for query is 10240
On PE 93 size of data batch for query is 10240
On PE 94 size of data batch for query is 10240
On PE 95 size of data batch for query is 10240
On PE 96 size of data batch for query is 10240
On PE 97 size of data batch for query is 10240
On PE 98 size of data batch for query is 10240
On PE 99 size of data batch for query is 10240
On PE 100 size of data batch for query is 10240
On PE 101 size of data batch for query is 10240
On PE 102 size of data batch for query is 10240
On PE 103 size of data batch for query is 10240
On PE 104 size of data batch for query is 10240
On PE 105 size of data batch for query is 10240
On PE 106 size of data batch for query is 10240
On PE 107 size of data batch for query is 10240
On PE 108 size of data batch for query is 10240
On PE 109 size of data batch for query is 10240
On PE 110 size of data batch for query is 10240
On PE 111 size of data batch for query is 10240
On PE 112 size of data batch for query is 10240
On PE 113 size of data batch for query is 10240
On PE 114 size of data batch for query is 10240
On PE 115 size of data batch for query is 10240
On PE 116 size of data batch for query is 10240
On PE 117 size of data batch for query is 10240
On PE 118 size of data batch for query is 10240
On PE 119 size of data batch for query is 10240
On PE 120 size of data batch for query is 10240
On PE 121 size of data batch for query is 10240
On PE 122 size of data batch for query is 10240
On PE 123 size of data batch for query is 10240
On PE 124 size of data batch for query is 10240
On PE 125 size of data batch for query is 10240
On PE 126 size of data batch for query is 10240
On PE 127 size of data batch for query is 10240
Reading values of satellite identifier in SSMIS into OB-type structure 
Reading values of Latitude in SSMIS into OB-type structure 
Reading values of Longitude in SSMIS into OB-type structure 
Reading time for obGroup SSMIS
Reading time for obGroup SSMIS
Reading values of scanline number in SSMIS into OB-type structure 
Reading values of SSMIS Surface Flag in SSMIS into OB-type structure 
Reading values of SSMIS Rain Flag in SSMIS into OB-type structure 
Reading    3 levels of SSMIS Ephemeris Latitudes from obgroup SSMIS into OB_type structure.
Reading    3 levels of SSMIS Ephemeris Longitudes from obgroup SSMIS into OB_type structure.
Reading values of Scan position in SSMIS into OB-type structure 
Reading   24 levels of SSMIS brightness temperatures from obgroup SSMIS into OB_type structure.
Ops_Timer: 2019-10-23T11:52:47Z time=0.00 total=0.00 call=0 Ops_CXPerformInterp
Ops_Timer: 2019-10-23T11:52:47Z time=0.00 total=0.00 call=0 Ops_InitFieldDataShared
Ops_Timer: 2019-10-23T11:53:00Z time=13.04 total=13.04 call=1 Ops_InitFieldDataShared
Ops_Timer: 2019-10-23T11:53:01Z time=13.45 total=13.45 call=1 Ops_CXPerformInterp
<a href="http://www-nwp/~opsrc/OPS/view/dev/doc/Ops_ReadCXControlNL.html">Ops_ReadCXControlNL</a>
CX bgerr namelist not specified for SSMIS, using defaults
<a href="http://www-nwp/~opsrc/OPS/view/dev/doc/Ops_ReadCXControlNL.html">Ops_ReadCXControlNL</a>
<span style="color: maroon">WARNING</span>
No valid bgerr fields selected
Ops_Timer: 2019-10-23T11:53:01Z time=0.21 total=13.66 call=2 Ops_CXPerformInterp
Ops_Timer: 2019-10-23T11:53:01Z time=0.00 total=13.66 call=3 Ops_CXPerformInterp
<a href="http://www-nwp/~opsrc/OPS/view/dev/doc/Ops_SatRad_CheckInput.html">Ops_SatRad_CheckInput</a>
No ozone input; a reference profile will be used
No stats directory; BiasStats and MonitorStats switched off
<a href="http://www-nwp/~opsrc/OPS/view/dev/doc/Ops_SatRad_SiftObs.html">Ops_SatRad_SiftObs</a>
Satellites present in input data, corresponding ObsTypes, number of obs for each:
SatID ObsType ObCount
  285   23100  662940
  286   23100  668100
Total number of obs (all satellites) =1331040
<a href="http://www-nwp/~opsrc/OPS/view/dev/doc/Ops_SatRad_SetUp.html">Ops_SatRad_SetUp</a>
Setting up for
F17 SSMIS
F18 SSMIS
---------------------
Reading control file:
SSMIS_control.nl  
------------------------------
Setting up for RTTOV version 12
Reading RT coefficient files:
Opening ascii coeffs file: /home/548/jtl548/cylc-run/u-bn066/share/data/etc/rttov12_coeffs/rtcoef_dmsp_17_ssmis.dat
Opening ascii coeffs file: /home/548/jtl548/cylc-run/u-bn066/share/data/etc/rttov12_coeffs/rtcoef_dmsp_18_ssmis.dat
Reading B matrix file:
Number of latitude bands = 3
Matrix size = 145
Order of fields and number of elements in each:
70 x t                   
70 x q total             
1 x t2                  
1 x q2                  
1 x tstar               
1 x pstar               
1 x wind speed          
B matrix fields used to define the retrieval profile vector:
t                   
q total             
t2                  
q2                  
tstar               
pstar               
wind speed          
Reading R matrix file:
Constructed R (E+F) matrices for satellite(s) 285 286                           

=====================================
 Channel Selections for Assimilation
=====================================

------
GLOBAL
------
F17
                        6  7  9 10 11 12 13 14 15 16 23 24
  23100 clear           +  +  +  +  +  +  +  +  +  +  +  +
  23100 mwcloudy      All channels rejected
  23100 sea             +  +  +  +  +  +  +  +  +  +  +  +
  23100 seaice          +  +                          +  +
  23100 land            +  +                          +  +
  23100 highland        +  +                          +  +
  23100 mismatch        +  +                          +  +

F18 selections are the same as F17 GLOBAL unless listed below
                        6  7  9 10 11 12 13 14 15 16 23 24
  23100 clear                 +  +  +  +  +  +  +  +
  23100 sea                   +  +  +  +  +  +  +  +
  23100 seaice        All channels rejected
  23100 land          All channels rejected
  23100 highland      All channels rejected
  23100 mismatch      All channels rejected

--------------------------------------
Channels for Gross Limits QC on Raw BT
--------------------------------------
F17
The following channels will be checked - others were omitted using the DoNotCheck namelist:
   1   6   7   8   9  10  11  12  13  14  15  16  17  18  21  22  23  24

F18
The following channels will be checked - others were omitted using the DoNotCheck namelist:
   9  10  11  12  13  14  15  16  17  18  21  22

Reading Thinning Control file:
     
==========================================
  Thinning Control in Ops_SatRad_Process
==========================================
     
ThinCall Activated? BoxSize TimeInterval PERegions 
                      (km)      (hr)     (optional)
    1        T        25.0    1.0
    2        F
    3        F
     
===============================================
                Thinning Scores     
            (ordered highest first) 
===============================================
     
Obstype  SatId     CloudType   Surface    Score
  23100    285         clear      land      2.0
  23100    286  2Hi2LoRetLwp       ice      2.0
  23100    286  2Hi2LoRetLwp       sea      2.0
  23100    286  2Hi2LoRetLwp      land      2.0
  23100    286     ch4cloudy       ice      2.0
  23100    286     ch4cloudy       sea      2.0
  23100    286     ch4cloudy      land      2.0
  23100    286   hiTCWVinnov       ice      2.0
  23100    286   hiTCWVinnov       sea      2.0
  23100    286   hiTCWVinnov      land      2.0
  23100    286  bennartzrain       ice      2.0
  23100    286  bennartzrain       sea      2.0
  23100    286  bennartzrain      land      2.0
  23100    286          rain       ice      2.0
  23100    286          rain       sea      2.0
  23100    286          rain      land      2.0
  23100    286      mwcloudy       ice      2.0
  23100    286      mwcloudy       sea      2.0
  23100    286      mwcloudy      land      2.0
  23100    286     183cloudy       ice      2.0
  23100    286     183cloudy       sea      2.0
  23100    286     183cloudy      land      2.0
  23100    286    highretlwp       ice      2.0
  23100    286    highretlwp       sea      2.0
  23100    286    highretlwp      land      2.0
  23100    286     mwbcloudy       ice      2.0
  23100    286     mwbcloudy       sea      2.0
  23100    286     mwbcloudy      land      2.0
  23100    286     highcloud       ice      2.0
  23100    286     highcloud       sea      2.0
  23100    286     highcloud      land      2.0
  23100    286      ircloudy       ice      2.0
  23100    286      ircloudy       sea      2.0
  23100    286      ircloudy      land      2.0
  23100    286         clear       ice      2.0
  23100    286         clear       sea      2.0
  23100    286         clear      land      2.0
  23100    285  2Hi2LoRetLwp       ice      2.0
  23100    285  2Hi2LoRetLwp       sea      2.0
  23100    285  2Hi2LoRetLwp      land      2.0
  23100    285     ch4cloudy       ice      2.0
  23100    285     ch4cloudy       sea      2.0
  23100    285     ch4cloudy      land      2.0
  23100    285   hiTCWVinnov       ice      2.0
  23100    285   hiTCWVinnov       sea      2.0
  23100    285   hiTCWVinnov      land      2.0
  23100    285  bennartzrain       ice      2.0
  23100    285  bennartzrain       sea      2.0
  23100    285  bennartzrain      land      2.0
  23100    285          rain       ice      2.0
  23100    285          rain       sea      2.0
  23100    285          rain      land      2.0
  23100    285      mwcloudy       ice      2.0
  23100    285      mwcloudy       sea      2.0
  23100    285      mwcloudy      land      2.0
  23100    285     183cloudy       ice      2.0
  23100    285     183cloudy       sea      2.0
  23100    285     183cloudy      land      2.0
  23100    285    highretlwp       ice      2.0
  23100    285    highretlwp       sea      2.0
  23100    285    highretlwp      land      2.0
  23100    285     mwbcloudy       ice      2.0
  23100    285     mwbcloudy       sea      2.0
  23100    285     mwbcloudy      land      2.0
  23100    285     highcloud       ice      2.0
  23100    285     highcloud       sea      2.0
  23100    285     highcloud      land      2.0
  23100    285      ircloudy       ice      2.0
  23100    285      ircloudy       sea      2.0
  23100    285      ircloudy      land      2.0
  23100    285         clear       ice      2.0
  23100    285         clear       sea      2.0
     
Ops_VarBC_ReadAllInstID ObsGroup= 7 ID=   3 SensorID=   0        iBC=1/32 Npred=7 Nchan=40
Ops_VarBC_ReadAllInstID ObsGroup= 7 ID=   4 SensorID=   0        iBC=2/32 Npred=7 Nchan=40
Ops_VarBC_ReadAllInstID ObsGroup= 7 ID= 206 SensorID=   0        iBC=3/32 Npred=7 Nchan=40
Ops_VarBC_ReadAllInstID ObsGroup= 7 ID= 209 SensorID=   0        iBC=4/32 Npred=7 Nchan=40
Ops_VarBC_ReadAllInstID ObsGroup= 7 ID= 223 SensorID=   0        iBC=5/32 Npred=7 Nchan=40
Ops_VarBC_ReadAllInstID ObsGroup=16 ID= 784 SensorID=   0        iBC=6/32 Npred=7 Nchan=339
Ops_VarBC_ReadAllInstID ObsGroup=19 ID= 249 SensorID=   0        iBC=7/32 Npred=7 Nchan=24
Ops_VarBC_ReadAllInstID ObsGroup=19 ID= 285 SensorID=   0        iBC=8/32 Npred=17 Nchan=24
Ops_VarBC_ReadAllInstID ObsGroup=19 ID= 286 SensorID=   0        iBC=9/32 Npred=17 Nchan=24
Ops_VarBC_ReadAllInstID ObsGroup=19 ID= 287 SensorID=   0        iBC=10/32 Npred=17 Nchan=24
Ops_VarBC_ReadAllInstID ObsGroup=26 ID=   3 SensorID=   0        iBC=11/32 Npred=7 Nchan=334
Ops_VarBC_ReadAllInstID ObsGroup=26 ID=   4 SensorID=   0        iBC=12/32 Npred=7 Nchan=334
Ops_VarBC_ReadAllInstID ObsGroup=27 ID=  55 SensorID=   0        iBC=13/32 Npred=3 Nchan=12
Ops_VarBC_ReadAllInstID ObsGroup=27 ID=  56 SensorID=   0        iBC=14/32 Npred=3 Nchan=12
Ops_VarBC_ReadAllInstID ObsGroup=27 ID=  57 SensorID=   0        iBC=15/32 Npred=3 Nchan=12
Ops_VarBC_ReadAllInstID ObsGroup=27 ID=  70 SensorID=   0        iBC=16/32 Npred=3 Nchan=12
Ops_VarBC_ReadAllInstID ObsGroup=29 ID= 122 SensorID=   0        iBC=17/32 Npred=7 Nchan=14
Ops_VarBC_ReadAllInstID ObsGroup=35 ID=  54 SensorID=   0        iBC=18/32 Npred=3 Nchan=3
Ops_VarBC_ReadAllInstID ObsGroup=36 ID= 257 SensorID=   0        iBC=19/32 Npred=3 Nchan=12
Ops_VarBC_ReadAllInstID ObsGroup=36 ID= 259 SensorID=   0        iBC=20/32 Npred=3 Nchan=12
Ops_VarBC_ReadAllInstID ObsGroup=38 ID= 224 SensorID=   0        iBC=21/32 Npred=7 Nchan=22
Ops_VarBC_ReadAllInstID ObsGroup=38 ID= 225 SensorID=   0        iBC=22/32 Npred=7 Nchan=22
Ops_VarBC_ReadAllInstID ObsGroup=39 ID= 224 SensorID=   0        iBC=23/32 Npred=7 Nchan=421
Ops_VarBC_ReadAllInstID ObsGroup=39 ID= 225 SensorID=   0        iBC=24/32 Npred=7 Nchan=421
Ops_VarBC_ReadAllInstID ObsGroup=41 ID= 171 SensorID=   0        iBC=25/32 Npred=3 Nchan=12
Ops_VarBC_ReadAllInstID ObsGroup=41 ID= 172 SensorID=   0        iBC=26/32 Npred=3 Nchan=12
Ops_VarBC_ReadAllInstID ObsGroup=43 ID= 521 SensorID=   0        iBC=27/32 Npred=7 Nchan=9
Ops_VarBC_ReadAllInstID ObsGroup=44 ID= 522 SensorID=   0        iBC=28/32 Npred=7 Nchan=28
Ops_VarBC_ReadAllInstID ObsGroup=45 ID= 440 SensorID=   0        iBC=29/32 Npred=7 Nchan=6
Ops_VarBC_ReadAllInstID ObsGroup=51 ID= 173 SensorID=   0        iBC=30/32 Npred=3 Nchan=12
Ops_VarBC_ReadAllInstID ObsGroup=56 ID= 288 SensorID=   0        iBC=31/32 Npred=7 Nchan=9
Ops_VarBC_ReadAllInstID ObsGroup=57 ID= 288 SensorID=   0        iBC=32/32 Npred=7 Nchan=4

=========================
SatRad Processing Options
=========================
General processing options (SatRad_ProcessControl nl):
 Do1DVar = T
 SLCTPErr =    -1.0
 MakeGeoCloud = F
 GeoCloudSrc = SEVIRIClear                             
 BiasCorrect = T
 VarBC = T
 SeaObsOnly = F
 UseBGForQsat = T
 PassChansToVar = F
 RecalcBg = F
 ExtrapolateT = F
 CloudErrorModel = F
Radiative transfer setup (SatRad_RTControl nl):
 RTTOV_version = 12
 Fastem_version = 2
 Fastem_bug =  T
 UseSSIREM = F
 UseEmissivityAtlas = F
 UseEmissivityAtlas_IR = F
 UseMWSnowEmiss = F
 CutDownCoeffs = F
 ConstrainTProf = F
 ConstrainQProf = F
 ConstrainOzoneProf = F
 RTTOV9 options:
  SwitchRad =  T
  RTTOV_mwscattSwitch =  F
  RTTOV_AerosolSwitch =  F
  RTTOV_CloudSwitch =  F
  RTTOV_AddSolar =  F
  RTTOV_UseModelLevels =  T
  RTTOV_NLevels_Strat =  6
  RTTOV_NLevels_Extrap =  1
  RTTOV_TopExtrapPress (Pa) =   0.2000
  RTTOV_RefPlevels = RTTOV7                                                                          
  RTTOV_GasUnitConv =  1
1D-Var options (SatRad_1DVarcontrol nl):
 UseMLMinimization = F
 UseJforConvergence = T
 JConvergenceOption = 1
 RetrieveFields = 1 10 3 4 5 6 11
 ConvergenceFactor =  0.40
 Cost_ConvergenceFactor =  0.01
 Max1DVarIterations = 7
 MaxMLIterations = 10
 TransmittanceForSurfErr =  F
 qtotal options:
  MaxLWP = 1.00
  IterNumForLWPCheck = 1
  UseQtsplitRain = F
  QsplitRainParamA =  0.15
  QsplitRainParamB =  0.09
  QsplitRainParamC = 50.00
 1D-Var CTP options:
  UseRadForMinRes = F
  CalcCTPErr, = F
  LimitCTPtoRTBase = F
Cloud detection variables (SatRad_CloudDetection nl):
 HIRS20cloud = F
 PriorCloudAn = F
 MinPriorCloud = 0.00
 PriorCloudChan =  9
 MinPriorCloudArray =  0.00  0.00  0.00  0.00  0.00  0.00  0.00  0.00  0.00  0.00  0.00  0.00
 PriorCloudChanArray = *** *** *** *** *** *** *** *** *** *** *** ***
 PriorCloudQCChans = *** *** *** *** *** *** *** *** *** *** *** ***
 PriorCloudThinScore = F
 HighCloudChan =***
 SkinTempErrorLand = -1.00
 CheckAAPPCloudFlags = 0
 UseAutosatCTP =  T
 BennartzCoeffs = -37.60   2.50
 Bennartz_Threshold = 10.00
 OminBCloud_SSMIS2 =  0.70
Quality Control (SatRad_QC nl):
 MaxHeight = 10000.0
 Highland_height =  1000.0
 MaxZenithAngle = 68.00
 MaxOminusB = 23.00
 C_minus_R_QCfactor =  4.00
 UseRHwaterForQC = T
 Check1DVarLWP = T
  LWP_Upperlimit =  0.07
  LwpQCThresholds = 0.10E-01 0.10E+00 0.40E-01
 CheckAvgRetLWP = F
 Check1DVarTropicalTCWV = T
  TCWV_TropicsLimit = 20.00
  TCWV_UpperLimit =  5.00
  CTP_1DVarLim =650.00

==============
Satellite info
==============
Satellite 1
-----------
Name = F17                      
WMO id = 285
Processing id =  17
Nominal orbit height =   859000.0
Observation type = SSMIS     
Obs Group =           19
Data type = default  
Obstypes Present = 23100
Number of channels =  24
Number of infrared channels =   0
Number of microwave channels =  24
Read RTTOV channels =  F
Use RTTOV channels =  F
PlatformID RTTOV =   2
ITypeList_RTTOV =    10
RT index numbers =   1
Processing switches:
DetectIRcloud        =  F
DetectHighCloud      =  F
DetectMWBcloud       =  F
Detect183scatter     =  F
DetectBennartzRain   =  T
DetectSSMISMWCloud   =  T
DetectGMIlowMWCloud   =  F
DetectGMIhighMWCloud   =  F
UseStdOzoneRef       =  F
RTTOV_ApplyRegLimits =  F
Further data present:
Rmatrix Type =   2
R matrix = F
R diagonal = T
Channel selection = T
Unused channels = T
Background channels = T
 number of channels = 24
 list =   1   2   3   4   5   6   7   8   9  10  11  12  13  14  15  16  17  18  19  20
         21  22  23  24                                                                
IR sea cloud channels = F
IR land cloud channels = F
Cirrus cloud channels = T
 number of channels = 3
 list =   9  10  11                                                                    
Extrapolation channels = F
Extrapolation coeffs = F
Maximum O-B values = T
 0.230E+02 0.230E+02 0.230E+02 0.230E+02 0.230E+02 0.230E+02 0.230E+02 0.230E+02 0.230E+02 0.230E+02
 0.230E+02 0.230E+02 0.230E+02 0.230E+02 0.230E+02 0.230E+02 0.230E+02 0.230E+02 0.230E+02 0.230E+02
 0.230E+02 0.230E+02 0.230E+02 0.230E+02
BennartzCoeffs = T
-0.376E+02 0.250E+01
BennartzChannels = T
 18  8
Bstats Channel selection = T
Convergence Check Channels = F
Do not assim convergence check channels in 4D- Var = F

Satellite 2
-----------
Name = F18                      
WMO id = 286
Processing id =  18
Nominal orbit height =   860380.0
Observation type = SSMIS     
Obs Group =           19
Data type = default  
Obstypes Present = 23100
Number of channels =  24
Number of infrared channels =   0
Number of microwave channels =  24
Read RTTOV channels =  F
Use RTTOV channels =  F
PlatformID RTTOV =   2
ITypeList_RTTOV =    10
RT index numbers =   2
Processing switches:
DetectIRcloud        =  F
DetectHighCloud      =  F
DetectMWBcloud       =  F
Detect183scatter     =  F
DetectBennartzRain   =  T
DetectSSMISMWCloud   =  T
DetectGMIlowMWCloud   =  F
DetectGMIhighMWCloud   =  F
UseStdOzoneRef       =  F
RTTOV_ApplyRegLimits =  F
Further data present:
Rmatrix Type =   2
R matrix = F
R diagonal = T
Channel selection = T
Unused channels = T
Background channels = T
 number of channels = 24
 list =   1   2   3   4   5   6   7   8   9  10  11  12  13  14  15  16  17  18  19  20
         21  22  23  24                                                                
IR sea cloud channels = F
IR land cloud channels = F
Cirrus cloud channels = T
 number of channels = 3
 list =   9  10  11                                                                    
Extrapolation channels = F
Extrapolation coeffs = F
Maximum O-B values = T
 0.230E+02 0.230E+02 0.230E+02 0.230E+02 0.230E+02 0.230E+02 0.230E+02 0.230E+02 0.230E+02 0.230E+02
 0.230E+02 0.230E+02 0.230E+02 0.230E+02 0.230E+02 0.230E+02 0.230E+02 0.230E+02 0.230E+02 0.230E+02
 0.230E+02 0.230E+02 0.230E+02 0.230E+02
BennartzCoeffs = T
-0.376E+02 0.250E+01
BennartzChannels = T
 18  8
Bstats Channel selection = T
Convergence Check Channels = F
Do not assim convergence check channels in 4D- Var = F

Next satellite is either absent or we cannot process the data
Next satellite is either absent or we cannot process the data
Next satellite is either absent or we cannot process the data
Next satellite is either absent or we cannot process the data

-------------------------------------------------
Pstar copied to ModelOb OK
t2 copied to ModelOb OK
rh2 copied to ModelOb OK
u10 copied to ModelOb OK
v10 copied to ModelOb OK
Tskin copied to ModelOb OK

============================
  SatRad Thinning Call 1
============================

Thinning round 1, F17:
  Time diff= 3600.0s
  Distance=   25.0km
  Surplus observations 287540 out of 578765
Thinning round 2, F18:
  Time diff= 3600.0s
  Distance=   25.0km
  Surplus observations 285155 out of 573235

<a href="http://www-nwp/~opsrc/OPS/view/dev/doc/Ops_SatRad_ProcessSummary.html">Ops_SatRad_ProcessSummary</a>
Final ob count summaries
========================
1331040 Obs in total
1142597 Rejected
188443 Accepted
------------------------
F17 SSMIS <!-- St OPS SR Prof   285 2019  8 27  6 XX99 -->   
=========
No. of accepted obs (absence of a cloud or surface type indicates zero)
                     sea    seaice      land  mismatch     total
  clear            46809        23      8416     30817     86065
  highretlwp       36102         3      3199     20975     60279
----------
         total     82911        26     11615     51792    146344
----------
No. of rejected obs (for all surface and cloud types)
 287540 masked out                    
  84175 flagged by preprocessor       
    165 bad background                
     53 error in rttov                
     55 failed o-b threshold test     
 143122 no channels selected          
   1486 not converged                 
-------
 516596 in total
-------
---------------- <!-- Fi OPS SR Prof   285 2019  8 27  6 XX99 -->   
F18 SSMIS <!-- St OPS SR Prof   286 2019  8 27  6 XX99 -->   
=========
No. of accepted obs (absence of a cloud or surface type indicates zero)
                     sea     total
  clear            11241     11241
  highretlwp       29425     29425
  bennartzrain      1433      1433
----------
         total     42099     42099
----------
No. of rejected obs (for all surface and cloud types)
 285155 masked out                    
  94865 flagged by preprocessor       
    281 bad background                
     10 error in rttov                
    227 failed o-b threshold test     
 239057 no channels selected          
   6406 not converged                 
-------
 626001 in total
-------
---------------- <!-- Fi OPS SR Prof   286 2019  8 27  6 XX99 -->   
Combined satellite totals
=========================
No. of accepted obs (absence of a cloud or surface type indicates zero)
                     sea    seaice      land  mismatch     total
  clear            58050        23      8416     30817     97306
  highretlwp       65527         3      3199     20975     89704
  bennartzrain      1433         0         0         0      1433
----------
         total    125010        26     11615     51792    188443
----------
No. of rejected obs (for all surface and cloud types)
 572695 masked out                    
 179040 flagged by preprocessor       
    446 bad background                
     63 error in rttov                
    282 failed o-b threshold test     
 382179 no channels selected          
   7892 not converged                 
-------
1142597 in total
-------
Station 7 Sea, Ext, Clr: Score=100: 
  0 obs, 0 levels.
Station 8 Sea, Ext, Clr: Score=100: 
  46809 obs, 3276630 levels.
Station 9 Sea, Ext, Clr: Score=100: 
  11241 obs, 786870 levels.
Station 10 Sea, Ext, Clr: Score=100: 
  0 obs, 0 levels.
Thinning round 1, ExTR:
  Distance=  100.0km
  Surplus observations 83958 out of 92135
Thinning round 2, TR:
  Distance=  154.0km
  Surplus observations 51688 out of 54209
Done stationlist
Ops_Timer: 2019-10-23T11:54:36Z time=0.00 total=0.00 call=0 Ops_final_variational_assim_data
Ops_Timer: 2019-10-23T11:54:36Z time=0.06 total=0.06 call=1 Ops_final_variational_assim_data
SSMIS (o-a) Diagnostic Stats creation OK.
 Call ODB_open with dbname, npools = ECMA -32768 open_mode = OLD
 Call ODB_open with dbname, npools = ECMA -32768 open_mode = OLD
 Call ODB_open with dbname, npools = ECMA -32768 open_mode = OLD
 Call ODB_open with dbname, npools = ECMA -32768 open_mode = OLD
 Call ODB_open with dbname, npools = ECMA -32768 open_mode = OLD
 Call ODB_open with dbname, npools = ECMA -32768 open_mode = OLD
 Call ODB_open with dbname, npools = ECMA -32768 open_mode = OLD
 Call ODB_open with dbname, npools = ECMA -32768 open_mode = OLD
 Call ODB_open with dbname, npools = ECMA -32768 open_mode = OLD
 Call ODB_open with dbname, npools = ECMA -32768 open_mode = OLD
 Call ODB_open with dbname, npools = ECMA -32768 open_mode = OLD
 Call ODB_open with dbname, npools = ECMA -32768 open_mode = OLD
 Call ODB_open with dbname, npools = ECMA -32768 open_mode = OLD
 Call ODB_open with dbname, npools = ECMA -32768 open_mode = OLD
 Call ODB_open with dbname, npools = ECMA -32768 open_mode = OLD
 Call ODB_open with dbname, npools = ECMA -32768 open_mode = OLD
 Call ODB_open with dbname, npools = ECMA -32768 open_mode = OLD
 Call ODB_open with dbname, npools = ECMA -32768 open_mode = OLD
 Call ODB_open with dbname, npools = ECMA -32768 open_mode = OLD
 Call ODB_open with dbname, npools = ECMA -32768 open_mode = OLD
 Call ODB_open with dbname, npools = ECMA -32768 open_mode = OLD
 Call ODB_open with dbname, npools = ECMA -32768 open_mode = OLD
 Call ODB_open with dbname, npools = ECMA -32768 open_mode = OLD
 Call ODB_open with dbname, npools = ECMA -32768 open_mode = OLD
 Call ODB_open with dbname, npools = ECMA -32768 open_mode = OLD
 Call ODB_open with dbname, npools = ECMA -32768 open_mode = OLD
 Call ODB_open with dbname, npools = ECMA -32768 open_mode = OLD
 Call ODB_open with dbname, npools = ECMA -32768 open_mode = OLD
 Call ODB_open with dbname, npools = ECMA -32768 open_mode = OLD
 Call ODB_open with dbname, npools = ECMA -32768 open_mode = OLD
 Call ODB_open with dbname, npools = ECMA -32768 open_mode = OLD
 Call ODB_open with dbname, npools = ECMA -32768 open_mode = OLD
 Call ODB_open with dbname, npools = ECMA -32768 open_mode = OLD
 Call ODB_open with dbname, npools = ECMA -32768 open_mode = OLD
 Call ODB_open with dbname, npools = ECMA -32768 open_mode = OLD
 Call ODB_open with dbname, npools = ECMA -32768 open_mode = OLD
 Call ODB_open with dbname, npools = ECMA -32768 open_mode = OLD
 Call ODB_open with dbname, npools = ECMA -32768 open_mode = OLD
 Call ODB_open with dbname, npools = ECMA -32768 open_mode = OLD
 Call ODB_open with dbname, npools = ECMA -32768 open_mode = OLD
 Call ODB_open with dbname, npools = ECMA -32768 open_mode = OLD
 Call ODB_open with dbname, npools = ECMA -32768 open_mode = OLD
 Call ODB_open with dbname, npools = ECMA -32768 open_mode = OLD
 Call ODB_open with dbname, npools = ECMA -32768 open_mode = OLD
 Call ODB_open with dbname, npools = ECMA -32768 open_mode = OLD
 Call ODB_open with dbname, npools = ECMA -32768 open_mode = OLD
 Call ODB_open with dbname, npools = ECMA -32768 open_mode = OLD
 Call ODB_open with dbname, npools = ECMA -32768 open_mode = OLD
 Call ODB_open with dbname, npools = ECMA -32768 open_mode = OLD
 Call ODB_open with dbname, npools = ECMA -32768 open_mode = OLD
 Call ODB_open with dbname, npools = ECMA -32768 open_mode = OLD
 Call ODB_open with dbname, npools = ECMA -32768 open_mode = OLD
 Call ODB_open with dbname, npools = ECMA -32768 open_mode = OLD
 Call ODB_open with dbname, npools = ECMA -32768 open_mode = OLD
 Call ODB_open with dbname, npools = ECMA -32768 open_mode = OLD
 Call ODB_open with dbname, npools = ECMA -32768 open_mode = OLD
 Call ODB_open with dbname, npools = ECMA -32768 open_mode = OLD
 Call ODB_open with dbname, npools = ECMA -32768 open_mode = OLD
 Call ODB_open with dbname, npools = ECMA -32768 open_mode = OLD
 Call ODB_open with dbname, npools = ECMA -32768 open_mode = OLD
 Call ODB_open with dbname, npools = ECMA -32768 open_mode = OLD
 Call ODB_open with dbname, npools = ECMA -32768 open_mode = OLD
 Call ODB_open with dbname, npools = ECMA -32768 open_mode = OLD
 Call ODB_open with dbname, npools = ECMA -32768 open_mode = OLD
 Call ODB_open with dbname, npools = ECMA -32768 open_mode = OLD
 Call ODB_open with dbname, npools = ECMA -32768 open_mode = OLD
 Call ODB_open with dbname, npools = ECMA -32768 open_mode = OLD
 Call ODB_open with dbname, npools = ECMA -32768 open_mode = OLD
 Call ODB_open with dbname, npools = ECMA -32768 open_mode = OLD
 Call ODB_open with dbname, npools = ECMA -32768 open_mode = OLD
 Call ODB_open with dbname, npools = ECMA -32768 open_mode = OLD
 Call ODB_open with dbname, npools = ECMA -32768 open_mode = OLD
 Call ODB_open with dbname, npools = ECMA -32768 open_mode = OLD
 Call ODB_open with dbname, npools = ECMA -32768 open_mode = OLD
 Call ODB_open with dbname, npools = ECMA -32768 open_mode = OLD
 Call ODB_open with dbname, npools = ECMA -32768 open_mode = OLD
 Call ODB_open with dbname, npools = ECMA -32768 open_mode = OLD
 Call ODB_open with dbname, npools = ECMA -32768 open_mode = OLD
 Call ODB_open with dbname, npools = ECMA -32768 open_mode = OLD
 Call ODB_open with dbname, npools = ECMA -32768 open_mode = OLD
 Call ODB_open with dbname, npools = ECMA -32768 open_mode = OLD
 Call ODB_open with dbname, npools = ECMA -32768 open_mode = OLD
 Call ODB_open with dbname, npools = ECMA -32768 open_mode = OLD
 Call ODB_open with dbname, npools = ECMA -32768 open_mode = OLD
 Call ODB_open with dbname, npools = ECMA -32768 open_mode = OLD
 Call ODB_open with dbname, npools = ECMA -32768 open_mode = OLD
 Call ODB_open with dbname, npools = ECMA -32768 open_mode = OLD
 Call ODB_open with dbname, npools = ECMA -32768 open_mode = OLD
 Call ODB_open with dbname, npools = ECMA -32768 open_mode = OLD
 Call ODB_open with dbname, npools = ECMA -32768 open_mode = OLD
 Call ODB_open with dbname, npools = ECMA -32768 open_mode = OLD
 Call ODB_open with dbname, npools = ECMA -32768 open_mode = OLD
 Call ODB_open with dbname, npools = ECMA -32768 open_mode = OLD
 Call ODB_open with dbname, npools = ECMA -32768 open_mode = OLD
 Call ODB_open with dbname, npools = ECMA -32768 open_mode = OLD
 Call ODB_open with dbname, npools = ECMA -32768 open_mode = OLD
 Call ODB_open with dbname, npools = ECMA -32768 open_mode = OLD
 Call ODB_open with dbname, npools = ECMA -32768 open_mode = OLD
 Call ODB_open with dbname, npools = ECMA -32768 open_mode = OLD
 Call ODB_open with dbname, npools = ECMA -32768 open_mode = OLD
 Call ODB_open with dbname, npools = ECMA -32768 open_mode = OLD
 Call ODB_open with dbname, npools = ECMA -32768 open_mode = OLD
 Call ODB_open with dbname, npools = ECMA -32768 open_mode = OLD
 Call ODB_open with dbname, npools = ECMA -32768 open_mode = OLD
 Call ODB_open with dbname, npools = ECMA -32768 open_mode = OLD
 Call ODB_open with dbname, npools = ECMA -32768 open_mode = OLD
 Call ODB_open with dbname, npools = ECMA -32768 open_mode = OLD
 Call ODB_open with dbname, npools = ECMA -32768 open_mode = OLD
 Call ODB_open with dbname, npools = ECMA -32768 open_mode = OLD
 Call ODB_open with dbname, npools = ECMA -32768 open_mode = OLD
 Call ODB_open with dbname, npools = ECMA -32768 open_mode = OLD
 Call ODB_open with dbname, npools = ECMA -32768 open_mode = OLD
 Call ODB_open with dbname, npools = ECMA -32768 open_mode = OLD
 Call ODB_open with dbname, npools = ECMA -32768 open_mode = OLD
 Call ODB_open with dbname, npools = ECMA -32768 open_mode = OLD
 Call ODB_open with dbname, npools = ECMA -32768 open_mode = OLD
 Call ODB_open with dbname, npools = ECMA -32768 open_mode = OLD
 Call ODB_open with dbname, npools = ECMA -32768 open_mode = OLD
 Call ODB_open with dbname, npools = ECMA -32768 open_mode = OLD
 Call ODB_open with dbname, npools = ECMA -32768 open_mode = OLD
 Call ODB_open with dbname, npools = ECMA -32768 open_mode = OLD
 Call ODB_open with dbname, npools = ECMA -32768 open_mode = OLD
 Call ODB_open with dbname, npools = ECMA -32768 open_mode = OLD
 Call ODB_open with dbname, npools = ECMA -32768 open_mode = OLD
 Call ODB_open with dbname, npools = ECMA -32768 open_mode = OLD
 Call ODB_open with dbname, npools = ECMA -32768 open_mode = OLD
 Call ODB_open with dbname, npools = ECMA -32768 open_mode = OLD
 Call ODB_open with dbname, npools = ECMA -32768 open_mode = OLD
 ABOR1 CALLED
 *** Fatal error; aborting (SIGABRT) ...

======================================================================================
                  Resource Usage on 2019-10-23 23:02:24:
   Job Id:             2980494.r-man2
   Project:            dp9
   Exit Status:        1
   Service Units:      22.83
   NCPUs Requested:    128                    NCPUs Used: 128             
                                           CPU Time Used: 12:13:15                                   
   Memory Requested:   240.0GB               Memory Used: 90.98GB         
   Walltime requested: 00:25:00            Walltime Used: 00:10:42        
   JobFS requested:    800.0MB                JobFS used: 0B              
======================================================================================
