Currently Loaded Modulefiles:
  1) pbs              3) cylc/wrapper     5) perl/5.10.1
  2) python/2.7.3     4) rose/2018.06.0   6) fcm/2019.05.0
Currently Loaded Modulefiles:
  1) pbs                          9) intel-mpi/5.1.3.210
  2) python/2.7.3                10) netcdf/4.3.2
  3) cylc/wrapper                11) perl/5.10.1
  4) rose/2018.06.0              12) szip/2.1
  5) fcm/2019.05.0               13) hdf5/1.8.13
  6) moose-client-wrapper/1.0.4  14) odbserver/0.16.2
  7) intel-cc/15.0.1.133         15) rttov/11.3b_ifort1501
  8) intel-fc/15.0.1.133         16) rttov/12.1_ifort1501
<span style="color: maroon">OpsScr_SetupMetDB: /home/548/jtl548/cylc-run/u-bn066/share/data/etc/metdb_server_user/server-numbers does not exist or is not readable</span>
<span style="color: maroon">OpsScr_ExtractAndProcess: OPS_VAROB_DIR deprecated; please use OPS_VAROB_OUTPUT_DIR instead</span>
<a href="http://www-nwp/~opsrc/OPS/view/dev/doc/ops_get_env_character.html">ops_get_env_character</a>
<span style="color: maroon">WARNING</span>
Environment variable OPS_RUNID hasn't been set
Using default value: XX99
*** /g/data1a/dp9/jtl548/cylc-run/ops-2018.02.2_nci_rls/share/fcm_make_extract__ops_x86_64/extract/odb/src/aux/newio.c:init_IOs() ***
	ODB_WRITE_EMPTY_FILES=0
	  ODB_CONSIDER_TABLES=*
	   ODB_IO_KEEP_INCORE=1
	      ODB_IO_FILESIZE=32 MB
	       ODB_IO_BUFSIZE=4194304 bytes
	       ODB_IO_GRPSIZE=128 (or max no. of pools)
	       ODB_IO_PROFILE=0
	       ODB_IO_VERBOSE=0
	        ODB_IO_METHOD=4
	          ODB_VERSION=CY42R0.000 (software release)
	          ODB_IO_LOCK=0
*********************
ODB_CONSIDER_TABLES=*
ODB_WRITE_TABLES=*
>>>ignore_signals(): DR_HOOK will ignore signal#1 altogether
>>>ignore_signals(): DR_HOOK will ignore signal#2 altogether
>>>ignore_signals(): DR_HOOK will ignore signal#3 altogether
>>>ignore_signals(): DR_HOOK will ignore signal#4 altogether
>>>ignore_signals(): DR_HOOK will ignore signal#5 altogether
>>>ignore_signals(): DR_HOOK will ignore signal#6 altogether
>>>ignore_signals(): DR_HOOK will ignore signal#7 altogether
>>>ignore_signals(): DR_HOOK will ignore signal#8 altogether
>>>ignore_signals(): DR_HOOK will ignore signal#9 altogether
>>>ignore_signals(): DR_HOOK will ignore signal#10 altogether
>>>ignore_signals(): DR_HOOK will ignore signal#11 altogether
>>>ignore_signals(): DR_HOOK will ignore signal#12 altogether
>>>ignore_signals(): DR_HOOK will ignore signal#13 altogether
>>>ignore_signals(): DR_HOOK will ignore signal#14 altogether
>>>ignore_signals(): DR_HOOK will ignore signal#15 altogether
>>>ignore_signals(): DR_HOOK will ignore signal#16 altogether
>>>ignore_signals(): DR_HOOK will ignore signal#17 altogether
>>>ignore_signals(): DR_HOOK will ignore signal#18 altogether
>>>ignore_signals(): DR_HOOK will ignore signal#19 altogether
>>>ignore_signals(): DR_HOOK will ignore signal#20 altogether
>>>ignore_signals(): DR_HOOK will ignore signal#21 altogether
>>>ignore_signals(): DR_HOOK will ignore signal#22 altogether
>>>ignore_signals(): DR_HOOK will ignore signal#23 altogether
>>>ignore_signals(): DR_HOOK will ignore signal#24 altogether
>>>ignore_signals(): DR_HOOK will ignore signal#25 altogether
>>>ignore_signals(): DR_HOOK will ignore signal#26 altogether
>>>ignore_signals(): DR_HOOK will ignore signal#27 altogether
>>>ignore_signals(): DR_HOOK will ignore signal#28 altogether
>>>ignore_signals(): DR_HOOK will ignore signal#29 altogether
>>>ignore_signals(): DR_HOOK will ignore signal#30 altogether
>>>ignore_signals(): DR_HOOK will ignore signal#31 altogether
>>>ignore_signals(): DR_HOOK will ignore signal#32 altogether
>>>ignore_signals(): DR_HOOK will ignore signal#33 altogether
>>>ignore_signals(): DR_HOOK will ignore signal#34 altogether
>>>ignore_signals(): DR_HOOK will ignore signal#35 altogether
>>>ignore_signals(): DR_HOOK will ignore signal#36 altogether
>>>ignore_signals(): DR_HOOK will ignore signal#37 altogether
>>>ignore_signals(): DR_HOOK will ignore signal#38 altogether
>>>ignore_signals(): DR_HOOK will ignore signal#39 altogether
>>>ignore_signals(): DR_HOOK will ignore signal#40 altogether
>>>ignore_signals(): DR_HOOK will ignore signal#41 altogether
>>>ignore_signals(): DR_HOOK will ignore signal#42 altogether
>>>ignore_signals(): DR_HOOK will ignore signal#43 altogether
>>>ignore_signals(): DR_HOOK will ignore signal#44 altogether
>>>ignore_signals(): DR_HOOK will ignore signal#45 altogether
>>>ignore_signals(): DR_HOOK will ignore signal#46 altogether
>>>ignore_signals(): DR_HOOK will ignore signal#47 altogether
>>>ignore_signals(): DR_HOOK will ignore signal#48 altogether
>>>ignore_signals(): DR_HOOK will ignore signal#49 altogether
>>>ignore_signals(): DR_HOOK will ignore signal#50 altogether
>>>ignore_signals(): DR_HOOK will ignore signal#51 altogether
>>>ignore_signals(): DR_HOOK will ignore signal#52 altogether
>>>ignore_signals(): DR_HOOK will ignore signal#53 altogether
>>>ignore_signals(): DR_HOOK will ignore signal#54 altogether
>>>ignore_signals(): DR_HOOK will ignore signal#55 altogether
>>>ignore_signals(): DR_HOOK will ignore signal#56 altogether
>>>ignore_signals(): DR_HOOK will ignore signal#57 altogether
>>>ignore_signals(): DR_HOOK will ignore signal#58 altogether
>>>ignore_signals(): DR_HOOK will ignore signal#59 altogether
>>>ignore_signals(): DR_HOOK will ignore signal#60 altogether
>>>ignore_signals(): DR_HOOK will ignore signal#61 altogether
>>>ignore_signals(): DR_HOOK will ignore signal#62 altogether
>>>ignore_signals(): DR_HOOK will ignore signal#63 altogether
>>>ignore_signals(): DR_HOOK will ignore signal#64 altogether
>>>ignore_signals(): DR_HOOK will ignore signal#65 altogether
>>> Assuming static linking mode
codb_set_entrypoint_(dbname='ECMA', dbname_len=4)
 There are rc =           24  and ntables =           24
***INFO: Poolmasking ignored altogether for database 'ECMA'
 OPEN_DB: handle=           1
 DataBase-name="ECMA"
 ODB_SRCPATH_ECMA="/home/548/jtl548/cylc-run/u-bn066/share/cycle/20190827T0600Z/
 glu_odb/ssmis"
 ODB_DATAPATH_ECMA="/home/548/jtl548/cylc-run/u-bn066/share/cycle/20190827T0600Z
 /glu_odb/ssmis"
 ODB_IDXPATH_ECMA="/home/548/jtl548/cylc-run/u-bn066/share/cycle/20190827T0600Z/
 glu_odb/ssmis/idx"
 inuse ?  T
 newdb ?  F
 readonly ?  F
 rewrite_flags-file ?  F
 no. of global pools =        32768
 global max poolno =        32768
 no. of local pools =          256
 max. no. of rows per pool =   2147483647
 I/O-method =            4
 iounit =            0
 ntables =           24
 no. of MPI-tasks =          128
 no. of OpenMP-threads =            1
Opening IOMAP-file='ECMA.iomap' for reading
	Format=1
	File block#1: tables=24, maxpools=32768, grpsize=128, pad=1, io_method=4, lenmult=1
 === MSGPASS_LOADOBS : Begin
 === MSGPASS_LOADOBS of db="ECMA" for mode=r started on 20191023  115209
 === MSGPASS_LOADOBS ===
                  HC32=  1212363570   842220360
          ODB_IO_TRACE=           0
  ODB_IO_MSGPASS_TRACE=           0
       ODB_IO_FILESIZE=          32  MBytes
        ODB_IO_GRPSIZE=         128
 ODB_WRITE_EMPTY_FILES=           0 F
           1 : MSGPASS_LOADOBS() khandle=           1
 MSGPASS_LOADOBS: All pools in range [1..npools] will processed
 ***INFO: Considering the following           24  tables for database="ECMA" :
 ***INFO: All tables considered
 Created itags array with MAX:       294911  and MIN:           -1
 LOADing table="desc" total =              27140 bytes
 LOADing table="hdr" total =             562880 bytes
 LOADing table="conv" total =             613380 bytes
 LOADing table="modsurf" total =              39940 bytes
 LOADing table="sat" total =             344068 bytes
 LOADing table="radiance" total =             903460 bytes
 LOADing table="body" total =           20310484 bytes
 LOADing table="errstat" total =             883324 bytes
 LOADing table="ssmis" total =             712756 bytes
 === MSGPASS_LOADOBS of db="ECMA" for mode=r on all tables ended on 20191023  115246
 === MSGPASS_LOADOBS :   5344.4 MBytes ( 2304 files) in   37.85 secs (   141.2 MB/s) (it#  1)
 === MSGPASS_LOADOBS : End
 END of OPEN_DB
<a href="http://www-nwp/~opsrc/OPS/view/dev/doc/Ops_ReadCXControlNL.html">Ops_ReadCXControlNL</a>
<span style="color: maroon">WARNING</span>
No valid bgerr fields selected
codb_set_entrypoint_(dbname='ECMA', dbname_len=4)
 There are rc =           24  and ntables =           24
***INFO: Poolmasking ignored altogether for database 'ECMA'
 OPEN_DB: handle=           1
 DataBase-name="ECMA"
 ODB_SRCPATH_ECMA="/home/548/jtl548/cylc-run/u-bn066/share/cycle/20190827T0600Z/
 glu_odb/ssmis"
 ODB_DATAPATH_ECMA="/home/548/jtl548/cylc-run/u-bn066/share/cycle/20190827T0600Z
 /glu_odb/ssmis"
 ODB_IDXPATH_ECMA="/home/548/jtl548/cylc-run/u-bn066/share/cycle/20190827T0600Z/
 glu_odb/ssmis/idx"
 inuse ?  T
 newdb ?  F
 readonly ?  F
 rewrite_flags-file ?  F
 no. of global pools =        32768
 global max poolno =        32768
 no. of local pools =          256
 max. no. of rows per pool =   2147483647
 I/O-method =            4
 iounit =            0
 ntables =           24
 no. of MPI-tasks =          128
 no. of OpenMP-threads =            1
Opening IOMAP-file='ECMA.iomap' for reading
	Format=1
	File block#1: tables=24, maxpools=32768, grpsize=128, pad=1, io_method=4, lenmult=1
 === MSGPASS_LOADOBS : Begin
 === MSGPASS_LOADOBS of db="ECMA" for mode=r started on 20191023  115437
 === MSGPASS_LOADOBS ===
           1 : MSGPASS_LOADOBS() khandle=           1
 MSGPASS_LOADOBS: All pools in range [1..npools] will processed
 ***INFO: Considering the following           24  tables for database="ECMA" :
 ***INFO: All tables considered
 Created itags array with MAX:       294911  and MIN:           -1
 LOADing table="desc" total =              27140 bytes
 LOADing table="hdr" total =             562880 bytes
 LOADing table="conv" total =             613380 bytes
 LOADing table="modsurf" total =              39940 bytes
 LOADing table="sat" total =             344068 bytes
 LOADing table="radiance" total =             903460 bytes
 LOADing table="body" total =           20310484 bytes
 LOADing table="errstat" total =             883324 bytes
 LOADing table="ssmis" total =             712756 bytes
 === MSGPASS_LOADOBS of db="ECMA" for mode=r on all tables ended on 20191023  115739
 === MSGPASS_LOADOBS :   5344.4 MBytes ( 2304 files) in  182.53 secs (    29.3 MB/s) (it#  1)
 === MSGPASS_LOADOBS : End
 END of OPEN_DB
 === MSGPASS_STOREOBS : Begin
 === MSGPASS_STOREOBS of db="ECMA" for mode=w started on 20191023  115740
 === MSGPASS_STOREOBS ===
                  HC32=  1212363570   842220360
          ODB_IO_TRACE=           0
  ODB_IO_MSGPASS_TRACE=           0
       ODB_IO_FILESIZE=          32  MBytes
        ODB_IO_GRPSIZE=         128
 ODB_WRITE_EMPTY_FILES=           0 F
  ODB_IO_BACKUP_ENABLE=           0
           1 : MSGPASS_STOREOBS() khandle=           1
 ***INFO: Considering the following           24  tables for database="ECMA" :
 ***INFO: All tables considered
 Created itags array with MAX:        98303  and MIN:           -1
 STOREing table="desc" total =            6947840 bytes
 STOREing table="hdr" total =          144259972 bytes
 STOREing table="body" total =         5038120356 bytes
/home/548/jtl548/cylc-run/u-bn066/share/cycle/20190827T0600Z/glu_odb/ssmis/27521/body: Input/output error (in /g/data1a/dp9/jtl548/cylc-run/ops-2018.02.2_nci_rls/share/fcm_make_extract__ops_x86_64/extract/odb/src/aux/cma_open.c:320) : errno#5
          95 : Unable to write file-format entry
          95 : filename="ECMA.body.27521"
          95 : krc, kexpected, kpoolno=          -2           1       27521
 *** Error in routine "ODBIO_MSGPASS(io_error)" (thread#  1)
 Unable to write file-format entry
 Message code =          -2
codb_abort_func_(): Calling abort function 'cmpl_abort' on PE#95 (pid=32072)
 ODBIO_MSGPASS(io_error) : Unable to write file-format entry
 ABOR1FL HAS BEEN CALLED AT /g/data1a/dp9/jtl548/cylc-run/ops-2018.02.2_nci_rls/share/fcm_make_extract__ops_x86_64/extract/odb/src/lib/errtrap.c:000306
 ABORT!   95 *** Fatal error; aborting (SIGABRT) ...
MPL_ABORT: CALLED FROM PROCESSOR     95 THRD     1
 MPL_ABORT: THRD           1   *** Fatal error; aborting (SIGABRT) ...
 SDL_TRACEBACK: Calling INTEL_TRBK, THRD =            1
[LinuxTraceBack]: Backtrace(s) for program '/home/548/jtl548/cylc-run/u-bn066/share/fcm_make_ops/build/bin/OpsProg_ExtractAndProcess.exe' (pid=32072) :
(pid=32072):            <Unknown>  :  OpsProg_ExtractAndProcess.exe() [0x101e95d]
(pid=32072): /g/data1a/dp9/jtl548/cylc-run/ops-2018.02.2_nci_rls/share/fcm_make_extract__ops_x86_64/extract/odb/src/extras/ifsaux/module/sdl_mod.F90:67  :  OpsProg_ExtractAndProcess.exe() [0x19bd439]
(pid=32072): /g/data1a/dp9/jtl548/cylc-run/ops-2018.02.2_nci_rls/share/fcm_make_extract__ops_x86_64/extract/odb/src/extras/ifsaux/module/mpl_abort_mod.F90:36  :  OpsProg_ExtractAndProcess.exe() [0x19bdb88]
(pid=32072):        /g/data1a/dp9/jtl548/cylc-run/ops-2018.02.2_nci_rls/share/fcm_make_extract__ops_x86_64/extract/odb/src/extras/ifsaux/support/abor1.F90:31  :  OpsProg_ExtractAndProcess.exe() [0x12e1b7b]
(pid=32072):                                                                                                                                        <Unknown>  :  OpsProg_ExtractAndProcess.exe() [0xfde27a]
(pid=32072):                      /g/data1a/dp9/jtl548/cylc-run/ops-2018.02.2_nci_rls/share/fcm_make_extract__ops_x86_64/extract/odb/src/module/odbmp.F90:211  :  OpsProg_ExtractAndProcess.exe() [0x122ff67]
(pid=32072):               /g/data1a/dp9/jtl548/cylc-run/ops-2018.02.2_nci_rls/share/fcm_make_extract__ops_x86_64/extract/odb/src/module/odbio_msgpass.F90:49  :  OpsProg_ExtractAndProcess.exe() [0x19c912f]
(pid=32072):              /g/data1a/dp9/jtl548/cylc-run/ops-2018.02.2_nci_rls/share/fcm_make_extract__ops_x86_64/extract/odb/src/module/odbio_msgpass.F90:253  :  OpsProg_ExtractAndProcess.exe() [0x19c60e9]
(pid=32072):              /g/data1a/dp9/jtl548/cylc-run/ops-2018.02.2_nci_rls/share/fcm_make_extract__ops_x86_64/extract/odb/src/module/odbio_msgpass.F90:975  :  OpsProg_ExtractAndProcess.exe() [0x19c5377]
(pid=32072):              /g/data1a/dp9/jtl548/cylc-run/ops-2018.02.2_nci_rls/share/fcm_make_extract__ops_x86_64/extract/odb/src/lib/msgpass_storeobs.F90:358  :  OpsProg_ExtractAndProcess.exe() [0x19b1cad]
(pid=32072):                        /g/data1a/dp9/jtl548/cylc-run/ops-2018.02.2_nci_rls/share/fcm_make_extract__ops_x86_64/extract/odb/src/module/odb.F90:414  :  OpsProg_ExtractAndProcess.exe() [0x12109fb]
(pid=32072):                                                                                                  /jobfs/local/7597716.r-man2/ifortoP0SvS.i90:200  :  OpsProg_ExtractAndProcess.exe() [0xd55d4e]
(pid=32072):       /g/data1a/dp9/jtl548/cylc-run/ops-2018.02.2_nci_rls/share/fcm_make_extract__ops_x86_64/extract/ops/src/code/OpsMod_ODB/Ops_CloseODB.f90:36  :  OpsProg_ExtractAndProcess.exe() [0xd9d931]
(pid=32072): /g/data1a/dp9/jtl548/cylc-run/ops-2018.02.2_nci_rls/share/fcm_make_extract__ops_x86_64/extract/ops/src/code/OpsMod_ODB/Ops_UpdateECMAWithAnalysis.f90:279  :  OpsProg_ExtractAndProcess.exe() [0xdb872c]
(pid=32072):   /g/data1a/dp9/jtl548/cylc-run/ops-2018.02.2_nci_rls/share/fcm_make_extract__ops_x86_64/extract/ops/src/code/OpsProg_ExtractAndProcess/Ops_Final.f90:298  :  OpsProg_ExtractAndProcess.exe() [0xd5512b]
(pid=32072): /g/data1a/dp9/jtl548/cylc-run/ops-2018.02.2_nci_rls/share/fcm_make_extract__ops_x86_64/extract/ops/src/code/OpsProg_ExtractAndProcess/Ops_Process.f90:147  :  OpsProg_ExtractAndProcess.exe() [0x48eaef]
(pid=32072): /g/data1a/dp9/jtl548/cylc-run/ops-2018.02.2_nci_rls/share/fcm_make_extract__ops_x86_64/extract/ops/src/code/OpsProg_ExtractAndProcess/OpsProg_ExtractAndProcess.f90:194  :  OpsProg_ExtractAndProcess.exe() [0x4396dd]
(pid=32072):                                                                                                                                                               <Unknown>  :  OpsProg_ExtractAndProcess.exe() [0x4387ce]
(pid=32072):                                                                                                                                                               <Unknown>  :  libc.so.6(__libc_start_main+0x100) [0x2b8c99d48d20]
(pid=32072):                                                                                                                                                               <Unknown>  :  OpsProg_ExtractAndProcess.exe() [0x4386d9]
[LinuxTraceBack] : End of backtrace(s)
 SDL_TRACEBACK: Done INTEL_TRBK, THRD =            1
application called MPI_Abort(comm=0x84000001, 1) - process 94
forrtl: error (69): process interrupted (SIGINT)
forrtl: error (69): process interrupted (SIGINT)
Image              PC                Routine            Line        Source             
OpsProg_ExtractAn  000000000508E741  Unknown               Unknown  Unknown
OpsProg_ExtractAn  000000000508CE97  Unknown               Unknown  Unknown
OpsProg_ExtractAn  0000000004F93F34  Unknown               Unknown  Unknown
OpsProg_ExtractAn  0000000004F93D46  Unknown               Unknown  Unknown
OpsProg_ExtractAn  0000000004F21DF4  Unknown               Unknown  Unknown
OpsProg_ExtractAn  0000000004F2AEB7  Unknown               Unknown  Unknown
libpthread.so.0    00002ADCF5C4E7E0  Unknown               Unknown  Unknown
libmpi.so.12       00002ADCF6C98B15  Unknown               Unknown  Unknown
libmpi.so.12       00002ADCF6DA4E39  Unknown               Unknown  Unknown
libmpi.so.12       00002ADCF6DA4B20  Unknown               Unknown  Unknown
libmpi.so.12       00002ADCF6C6EBA1  Unknown               Unknown  Unknown
libmpi.so.12       00002ADCF6C71B51  Unknown               Unknown  Unknown
libmpi.so.12       00002ADCF6C71382  Unknown               Unknown  Unknown
libmpifort.so.12   00002ADCF6836427  Unknown               Unknown  Unknown
OpsProg_ExtractAn  00000000019BB217  mpl_allreduce_mod         202  mpl_allreduce_mod.F90
OpsProg_ExtractAn  0000000001226827  odbmp_mp_odbmp_ig         165  fodbmp.h
OpsProg_ExtractAn  00000000019B8F64  odbiomap_mp_comm_          49  odbiomap.F90
OpsProg_ExtractAn  00000000019B1DF0  msgpass_storeobs_         402  msgpass_storeobs.F90
OpsProg_ExtractAn  00000000012109FB  odb_mp_odb_close_         407  odb.F90
OpsProg_ExtractAn  0000000000D55D4E  ops_odb_wrappers_         200  ifortoP0SvS.i90
OpsProg_ExtractAn  0000000000D9D931  ops_closeodb_              33  Ops_CloseODB.f90
OpsProg_ExtractAn  0000000000DB872C  ops_updateecmawit         277  Ops_UpdateECMAWithAnalysis.f90
OpsProg_ExtractAn  0000000000D5512B  ops_final_                298  Ops_Final.f90
OpsProg_ExtractAn  000000000048EAEF  ops_process_              141  Ops_Process.f90
OpsProg_ExtractAn  00000000004396DD  MAIN__                    189  OpsProg_ExtractAndProcess.f90
OpsProg_ExtractAn  00000000004387CE  Unknown               Unknown  Unknown
libc.so.6          00002ADCF77F9D20  Unknown               Unknown  Unknown
OpsProg_ExtractAn  00000000004386D9  Unknown               Unknown  Unknown
forrtl: error (69): process interrupted (SIGINT)
Image              PC                Routine            Line        Source             
OpsProg_ExtractAn  000000000508E741  Unknown               Unknown  Unknown
OpsProg_ExtractAn  000000000508CE97  Unknown               Unknown  Unknown
OpsProg_ExtractAn  0000000004F93F34  Unknown               Unknown  Unknown
OpsProg_ExtractAn  0000000004F93D46  Unknown               Unknown  Unknown
OpsProg_ExtractAn  0000000004F21DF4  Unknown               Unknown  Unknown
OpsProg_ExtractAn  0000000004F2AEB7  Unknown               Unknown  Unknown
libpthread.so.0    00002BA16B9EA7E0  Unknown               Unknown  Unknown
libmpi.so.12       00002BA16CA346D4  Unknown               Unknown  Unknown
libmpi.so.12       00002BA16CB40E39  Unknown               Unknown  Unknown
libmpi.so.12       00002BA16CB40B20  Unknown               Unknown  Unknown
libmpi.so.12       00002BA16CA0ABA1  Unknown               Unknown  Unknown
libmpi.so.12       00002BA16CA0DB51  Unknown               Unknown  Unknown
libmpi.so.12       00002BA16CA0D382  Unknown               Unknown  Unknown
libmpifort.so.12   00002BA16C5D2427  Unknown               Unknown  Unknown
OpsProg_ExtractAn  00000000019BB217  mpl_allreduce_mod         202  mpl_allreduce_mod.F90
OpsProg_ExtractAn  0000000001226827  odbmp_mp_odbmp_ig         165  fodbmp.h
OpsProg_ExtractAn  00000000019B8F64  odbiomap_mp_comm_          49  odbiomap.F90
OpsProg_ExtractAn  00000000019B1DF0  msgpass_storeobs_         402  msgpass_storeobs.F90
OpsProg_ExtractAn  00000000012109FB  odb_mp_odb_close_         407  odb.F90
OpsProg_ExtractAn  0000000000D55D4E  ops_odb_wrappers_         200  ifortoP0SvS.i90
OpsProg_ExtractAn  0000000000D9D931  ops_closeodb_              33  Ops_CloseODB.f90
OpsProg_ExtractAn  0000000000DB872C  ops_updateecmawit         277  Ops_UpdateECMAWithAnalysis.f90
OpsProg_ExtractAn  0000000000D5512B  ops_final_                298  Ops_Final.f90
OpsProg_ExtractAn  000000000048EAEF  ops_process_              141  Ops_Process.f90
OpsProg_ExtractAn  00000000004396DD  MAIN__                    189  OpsProg_ExtractAndProcess.f90
OpsProg_ExtractAn  00000000004387CE  Unknown               Unknown  Unknown
libc.so.6          00002BA16D595D20  Unknown               Unknown  Unknown
OpsProg_ExtractAn  00000000004386D9  Unknown               Unknown  Unknown
forrtl: error (69): process interrupted (SIGINT)
Image              PC                Routine            Line        Source             
OpsProg_ExtractAn  000000000508E741  Unknown               Unknown  Unknown
OpsProg_ExtractAn  000000000508CE97  Unknown               Unknown  Unknown
OpsProg_ExtractAn  0000000004F93F34  Unknown               Unknown  Unknown
OpsProg_ExtractAn  0000000004F93D46  Unknown               Unknown  Unknown
OpsProg_ExtractAn  0000000004F21DF4  Unknown               Unknown  Unknown
OpsProg_ExtractAn  0000000004F2AEB7  Unknown               Unknown  Unknown
libpthread.so.0    00002B6DBB8347E0  Unknown               Unknown  Unknown
libmpi.so.12       00002B6DBC87EB15  Unknown               Unknown  Unknown
libmpi.so.12       00002B6DBC98AE39  Unknown               Unknown  Unknown
libmpi.so.12       00002B6DBC98AB20  Unknown               Unknown  Unknown
libmpi.so.12       00002B6DBC854BA1  Unknown               Unknown  Unknown
libmpi.so.12       00002B6DBC857B51  Unknown               Unknown  Unknown
libmpi.so.12       00002B6DBC857382  Unknown               Unknown  Unknown
libmpifort.so.12   00002B6DBC41C427  Unknown               Unknown  Unknown
OpsProg_ExtractAn  00000000019BB217  mpl_allreduce_mod         202  mpl_allreduce_mod.F90
OpsProg_ExtractAn  0000000001226827  odbmp_mp_odbmp_ig         165  fodbmp.h
OpsProg_ExtractAn  00000000019B8F64  odbiomap_mp_comm_          49  odbiomap.F90
OpsProg_ExtractAn  00000000019B1DF0  msgpass_storeobs_         402  msgpass_storeobs.F90
OpsProg_ExtractAn  00000000012109FB  odb_mp_odb_close_         407  odb.F90
OpsProg_ExtractAn  0000000000D55D4E  ops_odb_wrappers_         200  ifortoP0SvS.i90
OpsProg_ExtractAn  0000000000D9D931  ops_closeodb_              33  Ops_CloseODB.f90
OpsProg_ExtractAn  0000000000DB872C  ops_updateecmawit         277  Ops_UpdateECMAWithAnalysis.f90
OpsProg_ExtractAn  0000000000D5512B  ops_final_                298  Ops_Final.f90
OpsProg_ExtractAn  000000000048EAEF  ops_process_              141  Ops_Process.f90
OpsProg_ExtractAn  00000000004396DD  MAIN__                    189  OpsProg_ExtractAndProcess.f90
OpsProg_ExtractAn  00000000004387CE  Unknown               Unknown  Unknown
libc.so.6          00002B6DBD3DFD20  Unknown               Unknown  Unknown
OpsProg_ExtractAn  00000000004386D9  Unknown               Unknown  Unknown
forrtl: error (69): process interrupted (SIGINT)
Image              PC                Routine            Line        Source             
OpsProg_ExtractAn  000000000508E741  Unknown               Unknown  Unknown
OpsProg_ExtractAn  000000000508CE97  Unknown               Unknown  Unknown
OpsProg_ExtractAn  0000000004F93F34  Unknown               Unknown  Unknown
OpsProg_ExtractAn  0000000004F93D46  Unknown               Unknown  Unknown
OpsProg_ExtractAn  0000000004F21DF4  Unknown               Unknown  Unknown
OpsProg_ExtractAn  0000000004F2AEB7  Unknown               Unknown  Unknown
libpthread.so.0    00002AD998DBE7E0  Unknown               Unknown  Unknown
libmpi.so.12       00002AD999FC2FA0  Unknown               Unknown  Unknown
libmpi.so.12       00002AD999E08FBC  Unknown               Unknown  Unknown
libmpi.so.12       00002AD999F14E39  Unknown               Unknown  Unknown
libmpi.so.12       00002AD999F14B20  Unknown               Unknown  Unknown
libmpi.so.12       00002AD999DDEBA1  Unknown               Unknown  Unknown
libmpi.so.12       00002AD999DE1B51  Unknown               Unknown  Unknown
libmpi.so.12       00002AD999DE1382  Unknown               Unknown  Unknown
libmpifort.so.12   00002AD9999A6427  Unknown               Unknown  Unknown
OpsProg_ExtractAn  00000000019BB217  mpl_allreduce_mod         202  mpl_allreduce_mod.F90
OpsProg_ExtractAn  0000000001226827  odbmp_mp_odbmp_ig         165  fodbmp.h
OpsProg_ExtractAn  00000000019B8F64  odbiomap_mp_comm_          49  odbiomap.F90
OpsProg_ExtractAn  00000000019B1DF0  msgpass_storeobs_         402  msgpass_storeobs.F90
OpsProg_ExtractAn  00000000012109FB  odb_mp_odb_close_         407  odb.F90
OpsProg_ExtractAn  0000000000D55D4E  ops_odb_wrappers_         200  ifortoP0SvS.i90
OpsProg_ExtractAn  0000000000D9D931  ops_closeodb_              33  Ops_CloseODB.f90
OpsProg_ExtractAn  0000000000DB872C  ops_updateecmawit         277  Ops_UpdateECMAWithAnalysis.f90
OpsProg_ExtractAn  0000000000D5512B  ops_final_                298  Ops_Final.f90
OpsProg_ExtractAn  000000000048EAEF  ops_process_              141  Ops_Process.f90
OpsProg_ExtractAn  00000000004396DD  MAIN__                    189  OpsProg_ExtractAndProcess.f90
OpsProg_ExtractAn  00000000004387CE  Unknown               Unknown  Unknown
libc.so.6          00002AD99A969D20  Unknown               Unknown  Unknown
OpsProg_ExtractAn  00000000004386D9  Unknown               Unknown  Unknown
forrtl: error (69): process interrupted (SIGINT)
Image              PC                Routine            Line        Source             
OpsProg_ExtractAn  000000000508E741  Unknown               Unknown  Unknown
OpsProg_ExtractAn  000000000508CE97  Unknown               Unknown  Unknown
OpsProg_ExtractAn  0000000004F93F34  Unknown               Unknown  Unknown
OpsProg_ExtractAn  0000000004F93D46  Unknown               Unknown  Unknown
OpsProg_ExtractAn  0000000004F21DF4  Unknown               Unknown  Unknown
OpsProg_ExtractAn  0000000004F2AEB7  Unknown               Unknown  Unknown
libpthread.so.0    00002ABFC6D8A7E0  Unknown               Unknown  Unknown
libmpi.so.12       00002ABFC7DD4B1E  Unknown               Unknown  Unknown
libmpi.so.12       00002ABFC7EE0E39  Unknown               Unknown  Unknown
libmpi.so.12       00002ABFC7EE0B20  Unknown               Unknown  Unknown
libmpi.so.12       00002ABFC7DAABA1  Unknown               Unknown  Unknown
libmpi.so.12       00002ABFC7DADB51  Unknown               Unknown  Unknown
libmpi.so.12       00002ABFC7DAD382  Unknown               Unknown  Unknown
libmpifort.so.12   00002ABFC7972427  Unknown               Unknown  Unknown
OpsProg_ExtractAn  00000000019BB217  mpl_allreduce_mod         202  mpl_allreduce_mod.F90
OpsProg_ExtractAn  0000000001226827  odbmp_mp_odbmp_ig         165  fodbmp.h
OpsProg_ExtractAn  00000000019B8F64  odbiomap_mp_comm_          49  odbiomap.F90
OpsProg_ExtractAn  00000000019B1DF0  msgpass_storeobs_         402  msgpass_storeobs.F90
OpsProg_ExtractAn  00000000012109FB  odb_mp_odb_close_         407  odb.F90
OpsProg_ExtractAn  0000000000D55D4E  ops_odb_wrappers_         200  ifortoP0SvS.i90
OpsProg_ExtractAn  0000000000D9D931  ops_closeodb_              33  Ops_CloseODB.f90
OpsProg_ExtractAn  0000000000DB872C  ops_updateecmawit         277  Ops_UpdateECMAWithAnalysis.f90
OpsProg_ExtractAn  0000000000D5512B  ops_final_                298  Ops_Final.f90
OpsProg_ExtractAn  000000000048EAEF  ops_process_              141  Ops_Process.f90
OpsProg_ExtractAn  00000000004396DD  MAIN__                    189  OpsProg_ExtractAndProcess.f90
OpsProg_ExtractAn  00000000004387CE  Unknown               Unknown  Unknown
libc.so.6          00002ABFC8935D20  Unknown               Unknown  Unknown
OpsProg_ExtractAn  00000000004386D9  Unknown               Unknown  Unknown
forrtl: error (69): process interrupted (SIGINT)
Image              PC                Routine            Line        Source             
OpsProg_ExtractAn  000000000508E741  Unknown               Unknown  Unknown
OpsProg_ExtractAn  000000000508CE97  Unknown               Unknown  Unknown
OpsProg_ExtractAn  0000000004F93F34  Unknown               Unknown  Unknown
OpsProg_ExtractAn  0000000004F93D46  Unknown               Unknown  Unknown
OpsProg_ExtractAn  0000000004F21DF4  Unknown               Unknown  Unknown
OpsProg_ExtractAn  0000000004F2AEB7  Unknown               Unknown  Unknown
libpthread.so.0    00002B01A8CA17E0  Unknown               Unknown  Unknown
libmpi.so.12       00002B01A9CEBB15  Unknown               Unknown  Unknown
libmpi.so.12       00002B01A9DF7E39  Unknown               Unknown  Unknown
libmpi.so.12       00002B01A9DF7B20  Unknown               Unknown  Unknown
libmpi.so.12       00002B01A9CC1BA1  Unknown               Unknown  Unknown
libmpi.so.12       00002B01A9CC4B51  Unknown               Unknown  Unknown
libmpi.so.12       00002B01A9CC4382  Unknown               Unknown  Unknown
libmpifort.so.12   00002B01A9889427  Unknown               Unknown  Unknown
OpsProg_ExtractAn  00000000019BB217  mpl_allreduce_mod         202  mpl_allreduce_mod.F90
OpsProg_ExtractAn  0000000001226827  odbmp_mp_odbmp_ig         165  fodbmp.h
OpsProg_ExtractAn  00000000019B8F64  odbiomap_mp_comm_          49  odbiomap.F90
OpsProg_ExtractAn  00000000019B1DF0  msgpass_storeobs_         402  msgpass_storeobs.F90
OpsProg_ExtractAn  00000000012109FB  odb_mp_odb_close_         407  odb.F90
OpsProg_ExtractAn  0000000000D55D4E  ops_odb_wrappers_         200  ifortoP0SvS.i90
OpsProg_ExtractAn  0000000000D9D931  ops_closeodb_              33  Ops_CloseODB.f90
OpsProg_ExtractAn  0000000000DB872C  ops_updateecmawit         277  Ops_UpdateECMAWithAnalysis.f90
OpsProg_ExtractAn  0000000000D5512B  ops_final_                298  Ops_Final.f90
OpsProg_ExtractAn  000000000048EAEF  ops_process_              141  Ops_Process.f90
OpsProg_ExtractAn  00000000004396DD  MAIN__                    189  OpsProg_ExtractAndProcess.f90
OpsProg_ExtractAn  00000000004387CE  Unknown               Unknown  Unknown
libc.so.6          00002B01AA84CD20  Unknown               Unknown  Unknown
OpsProg_ExtractAn  00000000004386D9  Unknown               Unknown  Unknown
forrtl: error (69): process interrupted (SIGINT)
Image              PC                Routine            Line        Source             
OpsProg_ExtractAn  000000000508E741  Unknown               Unknown  Unknown
OpsProg_ExtractAn  000000000508CE97  Unknown               Unknown  Unknown
OpsProg_ExtractAn  0000000004F93F34  Unknown               Unknown  Unknown
OpsProg_ExtractAn  0000000004F93D46  Unknown               Unknown  Unknown
OpsProg_ExtractAn  0000000004F21DF4  Unknown               Unknown  Unknown
OpsProg_ExtractAn  0000000004F2AEB7  Unknown               Unknown  Unknown
libpthread.so.0    00002AD1041C87E0  Unknown               Unknown  Unknown
libmpi.so.12       00002AD105212B1E  Unknown               Unknown  Unknown
libmpi.so.12       00002AD10531EE39  Unknown               Unknown  Unknown
libmpi.so.12       00002AD10531EB20  Unknown               Unknown  Unknown
libmpi.so.12       00002AD1051E8BA1  Unknown               Unknown  Unknown
libmpi.so.12       00002AD1051EBB51  Unknown               Unknown  Unknown
libmpi.so.12       00002AD1051EB382  Unknown               Unknown  Unknown
libmpifort.so.12   00002AD104DB0427  Unknown               Unknown  Unknown
OpsProg_ExtractAn  00000000019BB217  mpl_allreduce_mod         202  mpl_allreduce_mod.F90
OpsProg_ExtractAn  0000000001226827  odbmp_mp_odbmp_ig         165  fodbmp.h
OpsProg_ExtractAn  00000000019B8F64  odbiomap_mp_comm_          49  odbiomap.F90
OpsProg_ExtractAn  00000000019B1DF0  msgpass_storeobs_         402  msgpass_storeobs.F90
OpsProg_ExtractAn  00000000012109FB  odb_mp_odb_close_         407  odb.F90
OpsProg_ExtractAn  0000000000D55D4E  ops_odb_wrappers_         200  ifortoP0SvS.i90
OpsProg_ExtractAn  0000000000D9D931  ops_closeodb_              33  Ops_CloseODB.f90
OpsProg_ExtractAn  0000000000DB872C  ops_updateecmawit         277  Ops_UpdateECMAWithAnalysis.f90
OpsProg_ExtractAn  0000000000D5512B  ops_final_                298  Ops_Final.f90
OpsProg_ExtractAn  000000000048EAEF  ops_process_              141  Ops_Process.f90
OpsProg_ExtractAn  00000000004396DD  MAIN__                    189  OpsProg_ExtractAndProcess.f90
OpsProg_ExtractAn  00000000004387CE  Unknown               Unknown  Unknown
libc.so.6          00002AD105D73D20  Unknown               Unknown  Unknown
OpsProg_ExtractAn  00000000004386D9  Unknown               Unknown  Unknown
forrtl: error (69): process interrupted (SIGINT)
Image              PC                Routine            Line        Source             
OpsProg_ExtractAn  000000000508E741  Unknown               Unknown  Unknown
OpsProg_ExtractAn  000000000508CE97  Unknown               Unknown  Unknown
OpsProg_ExtractAn  0000000004F93F34  Unknown               Unknown  Unknown
OpsProg_ExtractAn  0000000004F93D46  Unknown               Unknown  Unknown
OpsProg_ExtractAn  0000000004F21DF4  Unknown               Unknown  Unknown
OpsProg_ExtractAn  0000000004F2AEB7  Unknown               Unknown  Unknown
libpthread.so.0    00002B3EA424E7E0  Unknown               Unknown  Unknown
libmpi.so.12       00002B3EA52986D7  Unknown               Unknown  Unknown
libmpi.so.12       00002B3EA53A4E39  Unknown               Unknown  Unknown
libmpi.so.12       00002B3EA53A547A  Unknown               Unknown  Unknown
libmpi.so.12       00002B3EA526EAB8  Unknown               Unknown  Unknown
libmpi.so.12       00002B3EA5271B51  Unknown               Unknown  Unknown
libmpi.so.12       00002B3EA5271382  Unknown               Unknown  Unknown
libmpifort.so.12   00002B3EA4E36427  Unknown               Unknown  Unknown
OpsProg_ExtractAn  00000000019BB217  mpl_allreduce_mod         202  mpl_allreduce_mod.F90
OpsProg_ExtractAn  0000000001226827  odbmp_mp_odbmp_ig         165  fodbmp.h
OpsProg_ExtractAn  00000000019B8F64  odbiomap_mp_comm_          49  odbiomap.F90
OpsProg_ExtractAn  00000000019B1DF0  msgpass_storeobs_         402  msgpass_storeobs.F90
OpsProg_ExtractAn  00000000012109FB  odb_mp_odb_close_         407  odb.F90
OpsProg_ExtractAn  0000000000D55D4E  ops_odb_wrappers_         200  ifortoP0SvS.i90
OpsProg_ExtractAn  0000000000D9D931  ops_closeodb_              33  Ops_CloseODB.f90
OpsProg_ExtractAn  0000000000DB872C  ops_updateecmawit         277  Ops_UpdateECMAWithAnalysis.f90
OpsProg_ExtractAn  0000000000D5512B  ops_final_                298  Ops_Final.f90
OpsProg_ExtractAn  000000000048EAEF  ops_process_              141  Ops_Process.f90
OpsProg_ExtractAn  00000000004396DD  MAIN__                    189  OpsProg_ExtractAndProcess.f90
OpsProg_ExtractAn  00000000004387CE  Unknown               Unknown  Unknown
libc.so.6          00002B3EA5DF9D20  Unknown               Unknown  Unknown
OpsProg_ExtractAn  00000000004386D9  Unknown               Unknown  Unknown
Image              PC                Routine            Line        Source             
OpsProg_ExtractAn  000000000508E741  Unknown               Unknown  Unknown
OpsProg_ExtractAn  000000000508CE97  Unknown               Unknown  Unknown
OpsProg_ExtractAn  0000000004F93F34  Unknown               Unknown  Unknown
OpsProg_ExtractAn  0000000004F93D46  Unknown               Unknown  Unknown
OpsProg_ExtractAn  0000000004F21DF4  Unknown               Unknown  Unknown
OpsProg_ExtractAn  0000000004F2AEB7  Unknown               Unknown  Unknown
libpthread.so.0    00002B850061D7E0  Unknown               Unknown  Unknown
libmpi.so.12       00002B8501667B08  Unknown               Unknown  Unknown
libmpi.so.12       00002B8501773E39  Unknown               Unknown  Unknown
libmpi.so.12       00002B8501773B20  Unknown               Unknown  Unknown
libmpi.so.12       00002B850163DBA1  Unknown               Unknown  Unknown
libmpi.so.12       00002B8501640B51  Unknown               Unknown  Unknown
libmpi.so.12       00002B8501640382  Unknown               Unknown  Unknown
libmpifort.so.12   00002B8501205427  Unknown               Unknown  Unknown
OpsProg_ExtractAn  00000000019BB217  mpl_allreduce_mod         202  mpl_allreduce_mod.F90
OpsProg_ExtractAn  0000000001226827  odbmp_mp_odbmp_ig         165  fodbmp.h
OpsProg_ExtractAn  00000000019B8F64  odbiomap_mp_comm_          49  odbiomap.F90
OpsProg_ExtractAn  00000000019B1DF0  msgpass_storeobs_         402  msgpass_storeobs.F90
OpsProg_ExtractAn  00000000012109FB  odb_mp_odb_close_         407  odb.F90
OpsProg_ExtractAn  0000000000D55D4E  ops_odb_wrappers_         200  ifortoP0SvS.i90
OpsProg_ExtractAn  0000000000D9D931  ops_closeodb_              33  Ops_CloseODB.f90
OpsProg_ExtractAn  0000000000DB872C  ops_updateecmawit         277  Ops_UpdateECMAWithAnalysis.f90
OpsProg_ExtractAn  0000000000D5512B  ops_final_                298  Ops_Final.f90
OpsProg_ExtractAn  000000000048EAEF  ops_process_              141  Ops_Process.f90
OpsProg_ExtractAn  00000000004396DD  MAIN__                    189  OpsProg_ExtractAndProcess.f90
OpsProg_ExtractAn  00000000004387CE  Unknown               Unknown  Unknown
libc.so.6          00002B85021C8D20  Unknown               Unknown  Unknown
OpsProg_ExtractAn  00000000004386D9  Unknown               Unknown  Unknown
forrtl: error (69): process interrupted (SIGINT)
Image              PC                Routine            Line        Source             
OpsProg_ExtractAn  000000000508E741  Unknown               Unknown  Unknown
OpsProg_ExtractAn  000000000508CE97  Unknown               Unknown  Unknown
OpsProg_ExtractAn  0000000004F93F34  Unknown               Unknown  Unknown
OpsProg_ExtractAn  0000000004F93D46  Unknown               Unknown  Unknown
OpsProg_ExtractAn  0000000004F21DF4  Unknown               Unknown  Unknown
OpsProg_ExtractAn  0000000004F2AEB7  Unknown               Unknown  Unknown
libpthread.so.0    00002B2EFCBE37E0  Unknown               Unknown  Unknown
libmpi.so.12       00002B2EFDE15A90  Unknown               Unknown  Unknown
libmpi.so.12       00002B2EFDE18873  Unknown               Unknown  Unknown
libmpi.so.12       00002B2EFDDE7FD0  Unknown               Unknown  Unknown
libmpi.so.12       00002B2EFDC2DFBC  Unknown               Unknown  Unknown
libmpi.so.12       00002B2EFDD39E39  Unknown               Unknown  Unknown
libmpi.so.12       00002B2EFDD39B20  Unknown               Unknown  Unknown
libmpi.so.12       00002B2EFDC03BA1  Unknown               Unknown  Unknown
libmpi.so.12       00002B2EFDC06B51  Unknown               Unknown  Unknown
libmpi.so.12       00002B2EFDC06382  Unknown               Unknown  Unknown
libmpifort.so.12   00002B2EFD7CB427  Unknown               Unknown  Unknown
OpsProg_ExtractAn  00000000019BB217  mpl_allreduce_mod         202  mpl_allreduce_mod.F90
OpsProg_ExtractAn  0000000001226827  odbmp_mp_odbmp_ig         165  fodbmp.h
OpsProg_ExtractAn  00000000019B8F64  odbiomap_mp_comm_          49  odbiomap.F90
OpsProg_ExtractAn  00000000019B1DF0  msgpass_storeobs_         402  msgpass_storeobs.F90
OpsProg_ExtractAn  00000000012109FB  odb_mp_odb_close_         407  odb.F90
OpsProg_ExtractAn  0000000000D55D4E  ops_odb_wrappers_         200  ifortoP0SvS.i90
OpsProg_ExtractAn  0000000000D9D931  ops_closeodb_              33  Ops_CloseODB.f90
OpsProg_ExtractAn  0000000000DB872C  ops_updateecmawit         277  Ops_UpdateECMAWithAnalysis.f90
OpsProg_ExtractAn  0000000000D5512B  ops_final_                298  Ops_Final.f90
OpsProg_ExtractAn  000000000048EAEF  ops_process_              141  Ops_Process.f90
OpsProg_ExtractAn  00000000004396DD  MAIN__                    189  OpsProg_ExtractAndProcess.f90
OpsProg_ExtractAn  00000000004387CE  Unknown               Unknown  Unknown
libc.so.6          00002B2EFE78ED20  Unknown               Unknown  Unknown
OpsProg_ExtractAn  00000000004386D9  Unknown               Unknown  Unknown
forrtl: error (69): process interrupted (SIGINT)
Image              PC                Routine            Line        Source             
OpsProg_ExtractAn  000000000508E741  Unknown               Unknown  Unknown
OpsProg_ExtractAn  000000000508CE97  Unknown               Unknown  Unknown
OpsProg_ExtractAn  0000000004F93F34  Unknown               Unknown  Unknown
OpsProg_ExtractAn  0000000004F93D46  Unknown               Unknown  Unknown
OpsProg_ExtractAn  0000000004F21DF4  Unknown               Unknown  Unknown
OpsProg_ExtractAn  0000000004F2AEB7  Unknown               Unknown  Unknown
libpthread.so.0    00002B517E7F37E0  Unknown               Unknown  Unknown
libmpi.so.12       00002B517FA25A90  Unknown               Unknown  Unknown
libmpi.so.12       00002B517FA28873  Unknown               Unknown  Unknown
libmpi.so.12       00002B517F9F7FD0  Unknown               Unknown  Unknown
libmpi.so.12       00002B517F83DFBC  Unknown               Unknown  Unknown
libmpi.so.12       00002B517F949E39  Unknown               Unknown  Unknown
libmpi.so.12       00002B517F949B20  Unknown               Unknown  Unknown
libmpi.so.12       00002B517F813BA1  Unknown               Unknown  Unknown
libmpi.so.12       00002B517F816B51  Unknown               Unknown  Unknown
libmpi.so.12       00002B517F816382  Unknown               Unknown  Unknown
libmpifort.so.12   00002B517F3DB427  Unknown               Unknown  Unknown
OpsProg_ExtractAn  00000000019BB217  mpl_allreduce_mod         202  mpl_allreduce_mod.F90
OpsProg_ExtractAn  0000000001226827  odbmp_mp_odbmp_ig         165  fodbmp.h
OpsProg_ExtractAn  00000000019B8F64  odbiomap_mp_comm_          49  odbiomap.F90
OpsProg_ExtractAn  00000000019B1DF0  msgpass_storeobs_         402  msgpass_storeobs.F90
OpsProg_ExtractAn  00000000012109FB  odb_mp_odb_close_         407  odb.F90
OpsProg_ExtractAn  0000000000D55D4E  ops_odb_wrappers_         200  ifortoP0SvS.i90
OpsProg_ExtractAn  0000000000D9D931  ops_closeodb_              33  Ops_CloseODB.f90
OpsProg_ExtractAn  0000000000DB872C  ops_updateecmawit         277  Ops_UpdateECMAWithAnalysis.f90
OpsProg_ExtractAn  0000000000D5512B  ops_final_                298  Ops_Final.f90
OpsProg_ExtractAn  000000000048EAEF  ops_process_              141  Ops_Process.f90
OpsProg_ExtractAn  00000000004396DD  MAIN__                    189  OpsProg_ExtractAndProcess.f90
OpsProg_ExtractAn  00000000004387CE  Unknown               Unknown  Unknown
libc.so.6          00002B518039ED20  Unknown               Unknown  Unknown
OpsProg_ExtractAn  00000000004386D9  Unknown               Unknown  Unknown
forrtl: error (69): process interrupted (SIGINT)
Image              PC                Routine            Line        Source             
OpsProg_ExtractAn  000000000508E741  Unknown               Unknown  Unknown
OpsProg_ExtractAn  000000000508CE97  Unknown               Unknown  Unknown
OpsProg_ExtractAn  0000000004F93F34  Unknown               Unknown  Unknown
OpsProg_ExtractAn  0000000004F93D46  Unknown               Unknown  Unknown
OpsProg_ExtractAn  0000000004F21DF4  Unknown               Unknown  Unknown
OpsProg_ExtractAn  0000000004F2AEB7  Unknown               Unknown  Unknown
libpthread.so.0    00002AE56CDA77E0  Unknown               Unknown  Unknown
libmpi.so.12       00002AE56DFD992B  Unknown               Unknown  Unknown
libmpi.so.12       00002AE56DFDC873  Unknown               Unknown  Unknown
libmpi.so.12       00002AE56DFABFD0  Unknown               Unknown  Unknown
libmpi.so.12       00002AE56DDF1FBC  Unknown               Unknown  Unknown
libmpi.so.12       00002AE56DEFDE39  Unknown               Unknown  Unknown
libmpi.so.12       00002AE56DEFDB20  Unknown               Unknown  Unknown
libmpi.so.12       00002AE56DDC7BA1  Unknown               Unknown  Unknown
libmpi.so.12       00002AE56DDCAB51  Unknown               Unknown  Unknown
libmpi.so.12       00002AE56DDCA382  Unknown               Unknown  Unknown
libmpifort.so.12   00002AE56D98F427  Unknown               Unknown  Unknown
OpsProg_ExtractAn  00000000019BB217  mpl_allreduce_mod         202  mpl_allreduce_mod.F90
OpsProg_ExtractAn  0000000001226827  odbmp_mp_odbmp_ig         165  fodbmp.h
OpsProg_ExtractAn  00000000019B8F64  odbiomap_mp_comm_          49  odbiomap.F90
OpsProg_ExtractAn  00000000019B1DF0  msgpass_storeobs_         402  msgpass_storeobs.F90
OpsProg_ExtractAn  00000000012109FB  odb_mp_odb_close_         407  odb.F90
forrtl: error (69): process interrupted (SIGINT)
Image              PC                Routine            Line        Source             
OpsProg_ExtractAn  000000000508E741  Unknown               Unknown  Unknown
OpsProg_ExtractAn  000000000508CE97  Unknown               Unknown  Unknown
OpsProg_ExtractAn  0000000004F93F34  Unknown               Unknown  Unknown
OpsProg_ExtractAn  0000000004F93D46  Unknown               Unknown  Unknown
OpsProg_ExtractAn  0000000004F21DF4  Unknown               Unknown  Unknown
OpsProg_ExtractAn  0000000004F2AEB7  Unknown               Unknown  Unknown
libpthread.so.0    00002B45B801F7E0  Unknown               Unknown  Unknown
libmpi.so.12       00002B45B9251A75  Unknown               Unknown  Unknown
libmpi.so.12       00002B45B9254873  Unknown               Unknown  Unknown
libmpi.so.12       00002B45B9223FD0  Unknown               Unknown  Unknown
libmpi.so.12       00002B45B9069FBC  Unknown               Unknown  Unknown
libmpi.so.12       00002B45B9175E39  Unknown               Unknown  Unknown
libmpi.so.12       00002B45B9175B20  Unknown               Unknown  Unknown
libmpi.so.12       00002B45B903FBA1  Unknown               Unknown  Unknown
libmpi.so.12       00002B45B9042B51  Unknown               Unknown  Unknown
libmpi.so.12       00002B45B9042382  Unknown               Unknown  Unknown
libmpifort.so.12   00002B45B8C07427  Unknown               Unknown  Unknown
OpsProg_ExtractAn  00000000019BB217  mpl_allreduce_mod         202  mpl_allreduce_mod.F90
OpsProg_ExtractAn  0000000001226827  odbmp_mp_odbmp_ig         165  fodbmp.h
OpsProg_ExtractAn  00000000019B8F64  odbiomap_mp_comm_          49  odbiomap.F90
OpsProg_ExtractAn  00000000019B1DF0  msgpass_storeobs_         402  msgpass_storeobs.F90
OpsProg_ExtractAn  00000000012109FB  odb_mp_odb_close_         407  odb.F90
OpsProg_ExtractAn  0000000000D55D4E  ops_odb_wrappers_         200  ifortoP0SvS.i90
OpsProg_ExtractAn  0000000000D9D931  ops_closeodb_              33  Ops_CloseODB.f90
OpsProg_ExtractAn  0000000000DB872C  ops_updateecmawit         277  Ops_UpdateECMAWithAnalysis.f90
OpsProg_ExtractAn  0000000000D5512B  ops_final_                298  Ops_Final.f90
OpsProg_ExtractAn  000000000048EAEF  ops_process_              141  Ops_Process.f90
OpsProg_ExtractAn  00000000004396DD  MAIN__                    189  OpsProg_ExtractAndProcess.f90
OpsProg_ExtractAn  00000000004387CE  Unknown               Unknown  Unknown
libc.so.6          00002B45B9BCAD20  Unknown               Unknown  Unknown
OpsProg_ExtractAn  00000000004386D9  Unknown               Unknown  Unknown
forrtl: error (69): process interrupted (SIGINT)
forrtl: error (69): process interrupted (SIGINT)
Image              PC                Routine            Line        Source             
OpsProg_ExtractAn  000000000508E741  Unknown               Unknown  Unknown
OpsProg_ExtractAn  000000000508CE97  Unknown               Unknown  Unknown
OpsProg_ExtractAn  0000000004F93F34  Unknown               Unknown  Unknown
OpsProg_ExtractAn  0000000004F93D46  Unknown               Unknown  Unknown
OpsProg_ExtractAn  0000000004F21DF4  Unknown               Unknown  Unknown
OpsProg_ExtractAn  0000000004F2AEB7  Unknown               Unknown  Unknown
libpthread.so.0    00002AFDE526D7E0  Unknown               Unknown  Unknown
libmpi.so.12       00002AFDE649F89B  Unknown               Unknown  Unknown
libmpi.so.12       00002AFDE64A2873  Unknown               Unknown  Unknown
libmpi.so.12       00002AFDE6471FD0  Unknown               Unknown  Unknown
libmpi.so.12       00002AFDE62B7FBC  Unknown               Unknown  Unknown
libmpi.so.12       00002AFDE63C3E39  Unknown               Unknown  Unknown
libmpi.so.12       00002AFDE63C3B20  Unknown               Unknown  Unknown
libmpi.so.12       00002AFDE628DBA1  Unknown               Unknown  Unknown
libmpi.so.12       00002AFDE6290B51  Unknown               Unknown  Unknown
libmpi.so.12       00002AFDE6290382  Unknown               Unknown  Unknown
libmpifort.so.12   00002AFDE5E55427  Unknown               Unknown  Unknown
OpsProg_ExtractAn  00000000019BB217  mpl_allreduce_mod         202  mpl_allreduce_mod.F90
OpsProg_ExtractAn  0000000001226827  odbmp_mp_odbmp_ig         165  fodbmp.h
OpsProg_ExtractAn  00000000019B8F64  odbiomap_mp_comm_          49  odbiomap.F90
OpsProg_ExtractAn  00000000019B1DF0  msgpass_storeobs_         402  msgpass_storeobs.F90
OpsProg_ExtractAn  00000000012109FB  odb_mp_odb_close_         407  odb.F90
OpsProg_ExtractAn  0000000000D55D4E  ops_odb_wrappers_         200  ifortoP0SvS.i90
OpsProg_ExtractAn  0000000000D9D931  ops_closeodb_              33  Ops_CloseODB.f90
OpsProg_ExtractAn  0000000000DB872C  ops_updateecmawit         277  Ops_UpdateECMAWithAnalysis.f90
OpsProg_ExtractAn  0000000000D5512B  ops_final_                298  Ops_Final.f90
OpsProg_ExtractAn  000000000048EAEF  ops_process_              141  Ops_Process.f90
OpsProg_ExtractAn  00000000004396DD  MAIN__                    189  OpsProg_ExtractAndProcess.f90
OpsProg_ExtractAn  00000000004387CE  Unknown               Unknown  Unknown
libc.so.6          00002AFDE6E18D20  Unknown               Unknown  Unknown
OpsProg_ExtractAn  00000000004386D9  Unknown               Unknown  Unknown
OpsProg_ExtractAn  0000000000D55D4E  ops_odb_wrappers_         200  ifortoP0SvS.i90
OpsProg_ExtractAn  0000000000D9D931  ops_closeodb_              33  Ops_CloseODB.f90
OpsProg_ExtractAn  0000000000DB872C  ops_updateecmawit         277  Ops_UpdateECMAWithAnalysis.f90
OpsProg_ExtractAn  0000000000D5512B  ops_final_                298  Ops_Final.f90
OpsProg_ExtractAn  000000000048EAEF  ops_process_              141  Ops_Process.f90
OpsProg_ExtractAn  00000000004396DD  MAIN__                    189  OpsProg_ExtractAndProcess.f90
OpsProg_ExtractAn  00000000004387CE  Unknown               Unknown  Unknown
libc.so.6          00002AE56E952D20  Unknown               Unknown  Unknown
OpsProg_ExtractAn  00000000004386D9  Unknown               Unknown  Unknown
Image              PC                Routine            Line        Source             
OpsProg_ExtractAn  000000000508E741  Unknown               Unknown  Unknown
OpsProg_ExtractAn  000000000508CE97  Unknown               Unknown  Unknown
OpsProg_ExtractAn  0000000004F93F34  Unknown               Unknown  Unknown
OpsProg_ExtractAn  0000000004F93D46  Unknown               Unknown  Unknown
OpsProg_ExtractAn  0000000004F21DF4  Unknown               Unknown  Unknown
OpsProg_ExtractAn  0000000004F2AEB7  Unknown               Unknown  Unknown
libpthread.so.0    00002AE9C24577E0  Unknown               Unknown  Unknown
libmpi.so.12       00002AE9C3689A90  Unknown               Unknown  Unknown
libmpi.so.12       00002AE9C368C873  Unknown               Unknown  Unknown
libmpi.so.12       00002AE9C365BFD0  Unknown               Unknown  Unknown
libmpi.so.12       00002AE9C34A1FBC  Unknown               Unknown  Unknown
libmpi.so.12       00002AE9C35ADE39  Unknown               Unknown  Unknown
libmpi.so.12       00002AE9C35ADB20  Unknown               Unknown  Unknown
libmpi.so.12       00002AE9C3477BA1  Unknown               Unknown  Unknown
libmpi.so.12       00002AE9C347AB51  Unknown               Unknown  Unknown
libmpi.so.12       00002AE9C347A382  Unknown               Unknown  Unknown
libmpifort.so.12   00002AE9C303F427  Unknown               Unknown  Unknown
OpsProg_ExtractAn  00000000019BB217  mpl_allreduce_mod         202  mpl_allreduce_mod.F90
OpsProg_ExtractAn  0000000001226827  odbmp_mp_odbmp_ig         165  fodbmp.h
OpsProg_ExtractAn  00000000019B8F64  odbiomap_mp_comm_          49  odbiomap.F90
OpsProg_ExtractAn  00000000019B1DF0  msgpass_storeobs_         402  msgpass_storeobs.F90
OpsProg_ExtractAn  00000000012109FB  odb_mp_odb_close_         407  odb.F90
OpsProg_ExtractAn  0000000000D55D4E  ops_odb_wrappers_         200  ifortoP0SvS.i90
OpsProg_ExtractAn  0000000000D9D931  ops_closeodb_              33  Ops_CloseODB.f90
OpsProg_ExtractAn  0000000000DB872C  ops_updateecmawit         277  Ops_UpdateECMAWithAnalysis.f90
OpsProg_ExtractAn  0000000000D5512B  ops_final_                298  Ops_Final.f90
OpsProg_ExtractAn  000000000048EAEF  ops_process_              141  Ops_Process.f90
OpsProg_ExtractAn  00000000004396DD  MAIN__                    189  OpsProg_ExtractAndProcess.f90
OpsProg_ExtractAn  00000000004387CE  Unknown               Unknown  Unknown
libc.so.6          00002AE9C4002D20  Unknown               Unknown  Unknown
OpsProg_ExtractAn  00000000004386D9  Unknown               Unknown  Unknown
<span style="color:red">OpsScr_ExtractAndProcess /projects/access/nwpdir/share/APS3/OPS/ops-2018.02.2/build/bin/OpsProg_ExtractAndProcess.exe failed with rc 1</span>
[FAIL] OpsScr_ExtractAndProcess # return-code=1
2019-10-23T12:02:21Z CRITICAL - failed/EXIT
